load model accept
10 iter start.
Start Evaluation
Round 1: 
   A B C D E F G H I J K L M N O 
   ------------------------------
15|- - - - - - - - - - - - - - - 
14|- - o - - - - - - - - - - - - 
13|- - x - x - - - - - - - - - - 
12|- - x o o - - - - - - - - - - 
11|- x x - o - - - - - - - - - - 
10|- - x x o o - - - - - - - - - 
 9|- - o x o - o - - - - - - - - 
 8|- - - - o - - x - - - - - - - 
 7|- - - - - - - - - - - - - - - 
 6|- - - - - - - - - - - - - - - 
 5|- - - - - - - - - - - - - - - 
 4|- - - - - - - - - - - - - - - 
 3|- - - - - - - - - - - - - - - 
 2|- - - - - - - - - - - - - - - 
 1|- - - - - - - - - - - - - - - 
New model win.
Round 2: 
   A B C D E F G H I J K L M N O 
   ------------------------------
15|- - - - - - - - - - - - - - - 
14|- - o - - - - - - - - - - - - 
13|- - x - x - - - - - - - - - - 
12|- - x o o - - - - - - - - - - 
11|- x x - o - - - - - - - - - - 
10|- - x x o o - - - - - - - - - 
 9|- - o x o - o - - - - - - - - 
 8|- - - - o - - x - - - - - - - 
 7|- - - - - - - - - - - - - - - 
 6|- - - - - - - - - - - - - - - 
 5|- - - - - - - - - - - - - - - 
 4|- - - - - - - - - - - - - - - 
 3|- - - - - - - - - - - - - - - 
 2|- - - - - - - - - - - - - - - 
 1|- - - - - - - - - - - - - - - 
New model win.
Round 3: 
   A B C D E F G H I J K L M N O 
   ------------------------------
15|- - - - - - - - - - - - - - - 
14|- - o - - - - - - - - - - - - 
13|- - x - x - - - - - - - - - - 
12|- - x o o - - - - - - - - - - 
11|- x x - o - - - - - - - - - - 
10|- - x x o o - - - - - - - - - 
 9|- - o x o - o - - - - - - - - 
 8|- - - - o - - x - - - - - - - 
 7|- - - - - - - - - - - - - - - 
 6|- - - - - - - - - - - - - - - 
 5|- - - - - - - - - - - - - - - 
 4|- - - - - - - - - - - - - - - 
 3|- - - - - - - - - - - - - - - 
 2|- - - - - - - - - - - - - - - 
 1|- - - - - - - - - - - - - - - 
New model win.
Round 4: 
   A B C D E F G H I J K L M N O 
   ------------------------------
15|- - - - - - - - - - - - - - - 
14|- - o - - - - - - - - - - - - 
13|- - x - x - - - - - - - - - - 
12|- - x o o - - - - - - - - - - 
11|- x x - o - - - - - - - - - - 
10|- - x x o o - - - - - - - - - 
 9|- - o x o - o - - - - - - - - 
 8|- - - - o - - x - - - - - - - 
 7|- - - - - - - - - - - - - - - 
 6|- - - - - - - - - - - - - - - 
 5|- - - - - - - - - - - - - - - 
 4|- - - - - - - - - - - - - - - 
 3|- - - - - - - - - - - - - - - 
 2|- - - - - - - - - - - - - - - 
 1|- - - - - - - - - - - - - - - 
New model win.
Round 5: 
   A B C D E F G H I J K L M N O 
   ------------------------------
15|- - - - - - - - - - - - - - - 
14|- - o - - - - - - - - - - - - 
13|- - x - x - - - - - - - - - - 
12|- - x o o - - - - - - - - - - 
11|- x x - o - - - - - - - - - - 
10|- - x x o o - - - - - - - - - 
 9|- - o x o - o - - - - - - - - 
 8|- - - - o - - x - - - - - - - 
 7|- - - - - - - - - - - - - - - 
 6|- - - - - - - - - - - - - - - 
 5|- - - - - - - - - - - - - - - 
 4|- - - - - - - - - - - - - - - 
 3|- - - - - - - - - - - - - - - 
 2|- - - - - - - - - - - - - - - 
 1|- - - - - - - - - - - - - - - 
New model win.
Round 6: 
   A B C D E F G H I J K L M N O 
   ------------------------------
15|- - - - - - - - - - - - - - - 
14|- - o - - - - - - - - - - - - 
13|- - x - x - - - - - - - - - - 
12|- - x o o - - - - - - - - - - 
11|- x x - o - - - - - - - - - - 
10|- - x x o o - - - - - - - - - 
 9|- - o x o - o - - - - - - - - 
 8|- - - - o - - x - - - - - - - 
 7|- - - - - - - - - - - - - - - 
 6|- - - - - - - - - - - - - - - 
 5|- - - - - - - - - - - - - - - 
 4|- - - - - - - - - - - - - - - 
 3|- - - - - - - - - - - - - - - 
 2|- - - - - - - - - - - - - - - 
 1|- - - - - - - - - - - - - - - 
New model win.
Round 7: 
   A B C D E F G H I J K L M N O 
   ------------------------------
15|- - - - - - - - - - - - - - - 
14|- - o - - - - - - - - - - - - 
13|- - x - x - - - - - - - - - - 
12|- - x o o - - - - - - - - - - 
11|- x x - o - - - - - - - - - - 
10|- - x x o o - - - - - - - - - 
 9|- - o x o - o - - - - - - - - 
 8|- - - - o - - x - - - - - - - 
 7|- - - - - - - - - - - - - - - 
 6|- - - - - - - - - - - - - - - 
 5|- - - - - - - - - - - - - - - 
 4|- - - - - - - - - - - - - - - 
 3|- - - - - - - - - - - - - - - 
 2|- - - - - - - - - - - - - - - 
 1|- - - - - - - - - - - - - - - 
New model win.
Round 8: 
   A B C D E F G H I J K L M N O 
   ------------------------------
15|- - - - - - - - - - - - - - - 
14|- - o - - - - - - - - - - - - 
13|- - x - x - - - - - - - - - - 
12|- - x o o - - - - - - - - - - 
11|- x x - o - - - - - - - - - - 
10|- - x x o o - - - - - - - - - 
 9|- - o x o - o - - - - - - - - 
 8|- - - - o - - x - - - - - - - 
 7|- - - - - - - - - - - - - - - 
 6|- - - - - - - - - - - - - - - 
 5|- - - - - - - - - - - - - - - 
 4|- - - - - - - - - - - - - - - 
 3|- - - - - - - - - - - - - - - 
 2|- - - - - - - - - - - - - - - 
 1|- - - - - - - - - - - - - - - 
New model win.
Round 9: 
   A B C D E F G H I J K L M N O 
   ------------------------------
15|- - - - - - - - - - - - - - - 
14|- - o - - - - - - - - - - - - 
13|- - x - x - - - - - - - - - - 
12|- - x o o - - - - - - - - - - 
11|- x x - o - - - - - - - - - - 
10|- - x x o o - - - - - - - - - 
 9|- - o x o - o - - - - - - - - 
 8|- - - - o - - x - - - - - - - 
 7|- - - - - - - - - - - - - - - 
 6|- - - - - - - - - - - - - - - 
 5|- - - - - - - - - - - - - - - 
 4|- - - - - - - - - - - - - - - 
 3|- - - - - - - - - - - - - - - 
 2|- - - - - - - - - - - - - - - 
 1|- - - - - - - - - - - - - - - 
New model win.
Round 10: 
   A B C D E F G H I J K L M N O 
   ------------------------------
15|- - - - - - - - - - - - - - - 
14|- - o - - - - - - - - - - - - 
13|- - x - x - - - - - - - - - - 
12|- - x o o - - - - - - - - - - 
11|- x x - o - - - - - - - - - - 
10|- - x x o o - - - - - - - - - 
 9|- - o x o - o - - - - - - - - 
 8|- - - - o - - x - - - - - - - 
 7|- - - - - - - - - - - - - - - 
 6|- - - - - - - - - - - - - - - 
 5|- - - - - - - - - - - - - - - 
 4|- - - - - - - - - - - - - - - 
 3|- - - - - - - - - - - - - - - 
 2|- - - - - - - - - - - - - - - 
 1|- - - - - - - - - - - - - - - 
New model win.
Round 11: 
   A B C D E F G H I J K L M N O 
   ------------------------------
15|- - - - - - - - - - - - - - - 
14|- - o - - - - - - - - - - - - 
13|- - x - x - - - - - - - - - - 
12|- - x o o - - - - - - - - - - 
11|- x x - o - - - - - - - - - - 
10|- - x x o o - - - - - - - - - 
 9|- - o x o - o - - - - - - - - 
 8|- - - - o - - x - - - - - - - 
 7|- - - - - - - - - - - - - - - 
 6|- - - - - - - - - - - - - - - 
 5|- - - - - - - - - - - - - - - 
 4|- - - - - - - - - - - - - - - 
 3|- - - - - - - - - - - - - - - 
 2|- - - - - - - - - - - - - - - 
 1|- - - - - - - - - - - - - - - 
New model win.
Round 12: 
   A B C D E F G H I J K L M N O 
   ------------------------------
15|- - - - - - - - - - - - - - - 
14|- - o - - - - - - - - - - - - 
13|- - x - x - - - - - - - - - - 
12|- - x o o - - - - - - - - - - 
11|- x x - o - - - - - - - - - - 
10|- - x x o o - - - - - - - - - 
 9|- - o x o - o - - - - - - - - 
 8|- - - - o - - x - - - - - - - 
 7|- - - - - - - - - - - - - - - 
 6|- - - - - - - - - - - - - - - 
 5|- - - - - - - - - - - - - - - 
 4|- - - - - - - - - - - - - - - 
 3|- - - - - - - - - - - - - - - 
 2|- - - - - - - - - - - - - - - 
 1|- - - - - - - - - - - - - - - 
New model win.
Round 13: 
   A B C D E F G H I J K L M N O 
   ------------------------------
15|- - - - - - - - - - - - - - - 
14|- - o - - - - - - - - - - - - 
13|- - x - x - - - - - - - - - - 
12|- - x o o - - - - - - - - - - 
11|- x x - o - - - - - - - - - - 
10|- - x x o o - - - - - - - - - 
 9|- - o x o - o - - - - - - - - 
 8|- - - - o - - x - - - - - - - 
 7|- - - - - - - - - - - - - - - 
 6|- - - - - - - - - - - - - - - 
 5|- - - - - - - - - - - - - - - 
 4|- - - - - - - - - - - - - - - 
 3|- - - - - - - - - - - - - - - 
 2|- - - - - - - - - - - - - - - 
 1|- - - - - - - - - - - - - - - 
New model win.
Round 14: 
   A B C D E F G H I J K L M N O 
   ------------------------------
15|- - - - - - - - - - - - - - - 
14|- - o - - - - - - - - - - - - 
13|- - x - x - - - - - - - - - - 
12|- - x o o - - - - - - - - - - 
11|- x x - o - - - - - - - - - - 
10|- - x x o o - - - - - - - - - 
 9|- - o x o - o - - - - - - - - 
 8|- - - - o - - x - - - - - - - 
 7|- - - - - - - - - - - - - - - 
 6|- - - - - - - - - - - - - - - 
 5|- - - - - - - - - - - - - - - 
 4|- - - - - - - - - - - - - - - 
 3|- - - - - - - - - - - - - - - 
 2|- - - - - - - - - - - - - - - 
 1|- - - - - - - - - - - - - - - 
New model win.
Round 15: 
   A B C D E F G H I J K L M N O 
   ------------------------------
15|- - - - - - - - - - - - - - - 
14|- - o - - - - - - - - - - - - 
13|- - x - x - - - - - - - - - - 
12|- - x o o - - - - - - - - - - 
11|- x x - o - - - - - - - - - - 
10|- - x x o o - - - - - - - - - 
 9|- - o x o - o - - - - - - - - 
 8|- - - - o - - x - - - - - - - 
 7|- - - - - - - - - - - - - - - 
 6|- - - - - - - - - - - - - - - 
 5|- - - - - - - - - - - - - - - 
 4|- - - - - - - - - - - - - - - 
 3|- - - - - - - - - - - - - - - 
 2|- - - - - - - - - - - - - - - 
 1|- - - - - - - - - - - - - - - 
New model win.
Round 16: 
   A B C D E F G H I J K L M N O 
   ------------------------------
15|- - - - - - - - - - - - - - - 
14|- - o - - - - - - - - - - - - 
13|- - x - x - - - - - - - - - - 
12|- - x o o - - - - - - - - - - 
11|- x x - o - - - - - - - - - - 
10|- - x x o o - - - - - - - - - 
 9|- - o x o - o - - - - - - - - 
 8|- - - - o - - x - - - - - - - 
 7|- - - - - - - - - - - - - - - 
 6|- - - - - - - - - - - - - - - 
 5|- - - - - - - - - - - - - - - 
 4|- - - - - - - - - - - - - - - 
 3|- - - - - - - - - - - - - - - 
 2|- - - - - - - - - - - - - - - 
 1|- - - - - - - - - - - - - - - 
New model win.
Round 17: 
   A B C D E F G H I J K L M N O 
   ------------------------------
15|- - - - - - - - - - - - - - - 
14|- - o - - - - - - - - - - - - 
13|- - x - x - - - - - - - - - - 
12|- - x o o - - - - - - - - - - 
11|- x x - o - - - - - - - - - - 
10|- - x x o o - - - - - - - - - 
 9|- - o x o - o - - - - - - - - 
 8|- - - - o - - x - - - - - - - 
 7|- - - - - - - - - - - - - - - 
 6|- - - - - - - - - - - - - - - 
 5|- - - - - - - - - - - - - - - 
 4|- - - - - - - - - - - - - - - 
 3|- - - - - - - - - - - - - - - 
 2|- - - - - - - - - - - - - - - 
 1|- - - - - - - - - - - - - - - 
New model win.
Round 18: 
   A B C D E F G H I J K L M N O 
   ------------------------------
15|- - - - - - - - - - - - - - - 
14|- - o - - - - - - - - - - - - 
13|- - x - x - - - - - - - - - - 
12|- - x o o - - - - - - - - - - 
11|- x x - o - - - - - - - - - - 
10|- - x x o o - - - - - - - - - 
 9|- - o x o - o - - - - - - - - 
 8|- - - - o - - x - - - - - - - 
 7|- - - - - - - - - - - - - - - 
 6|- - - - - - - - - - - - - - - 
 5|- - - - - - - - - - - - - - - 
 4|- - - - - - - - - - - - - - - 
 3|- - - - - - - - - - - - - - - 
 2|- - - - - - - - - - - - - - - 
 1|- - - - - - - - - - - - - - - 
New model win.
Round 19: 
   A B C D E F G H I J K L M N O 
   ------------------------------
15|- - - - - - - - - - - - - - - 
14|- - o - - - - - - - - - - - - 
13|- - x - x - - - - - - - - - - 
12|- - x o o - - - - - - - - - - 
11|- x x - o - - - - - - - - - - 
10|- - x x o o - - - - - - - - - 
 9|- - o x o - o - - - - - - - - 
 8|- - - - o - - x - - - - - - - 
 7|- - - - - - - - - - - - - - - 
 6|- - - - - - - - - - - - - - - 
 5|- - - - - - - - - - - - - - - 
 4|- - - - - - - - - - - - - - - 
 3|- - - - - - - - - - - - - - - 
 2|- - - - - - - - - - - - - - - 
 1|- - - - - - - - - - - - - - - 
New model win.
Round 20: 
   A B C D E F G H I J K L M N O 
   ------------------------------
15|- - - - - - - - - - - - - - - 
14|- - o - - - - - - - - - - - - 
13|- - x - x - - - - - - - - - - 
12|- - x o o - - - - - - - - - - 
11|- x x - o - - - - - - - - - - 
10|- - x x o o - - - - - - - - - 
 9|- - o x o - o - - - - - - - - 
 8|- - - - o - - x - - - - - - - 
 7|- - - - - - - - - - - - - - - 
 6|- - - - - - - - - - - - - - - 
 5|- - - - - - - - - - - - - - - 
 4|- - - - - - - - - - - - - - - 
 3|- - - - - - - - - - - - - - - 
 2|- - - - - - - - - - - - - - - 
 1|- - - - - - - - - - - - - - - 
New model win.
Round 21: 
   A B C D E F G H I J K L M N O 
   ------------------------------
15|- - o - - - - - - - - - - - - 
14|- - - x o o o o x - - - - - - 
13|- - - - x - - o - - - - - - - 
12|- o - - - x - - - - - - - - - 
11|- - - o x x x - - - - - - - - 
10|- - - - - - - x - - - - - - - 
 9|- - - - - - - - - - - - - - - 
 8|- - - - - - - - - - - - - - - 
 7|- - - - - - - - - - - - - - - 
 6|- - - - - - - - - - - - - - - 
 5|- - - - - - - - - - - - - - - 
 4|- - - - - - - - - - - - - - - 
 3|- - - - - - - - - - - - - - - 
 2|- - - - - - - - - - - - - - - 
 1|- - - - - - - - - - - - - - - 
New model win.
Round 22: 
   A B C D E F G H I J K L M N O 
   ------------------------------
15|- - o - - - - - - - - - - - - 
14|- - - x o o o o x - - - - - - 
13|- - - - x - - o - - - - - - - 
12|- o - - - x - - - - - - - - - 
11|- - - o x x x - - - - - - - - 
10|- - - - - - - x - - - - - - - 
 9|- - - - - - - - - - - - - - - 
 8|- - - - - - - - - - - - - - - 
 7|- - - - - - - - - - - - - - - 
 6|- - - - - - - - - - - - - - - 
 5|- - - - - - - - - - - - - - - 
 4|- - - - - - - - - - - - - - - 
 3|- - - - - - - - - - - - - - - 
 2|- - - - - - - - - - - - - - - 
 1|- - - - - - - - - - - - - - - 
New model win.
Round 23: 
