load model accept
1 iter start.
Process  1 start.
REPLAY_BUFFER_SIZE: 512
Start Human Play
   A B C D E F G H I J K L M N O 
   ------------------------------
15|- - - - - - - - - - - - - - - 
14|- - - - [31mo [0m- - - - - - - - - - 
13|- - - - - - - - - - - - - - - 
12|- - - - - - - - - - - - - - - 
11|- - - - - - - - - - - - - - - 
10|- - - - - - - - - - - - - - - 
 9|- - - - - - - - - - - - - - - 
 8|- - - - - - - - - - - - - - - 
 7|- - - - - - - - - - - - - - - 
 6|- - - - - - - - - - - - - - - 
 5|- - - - - - - - - - - - - - - 
 4|- - - - - - - - - - - - - - - 
 3|- - - - - - - - - - - - - - - 
 2|- - - - - - - - - - - - - - - 
 1|- - - - - - - - - - - - - - - 
History : [E14, ]
action: E14
-0.109639
predict win rate: 44.518%

   A B C D E F G H I J K L M N O 
   ------------------------------
15|- - - - - - - - - - - - - - - 
14|- - - - o - - - - - - - [31mx [0m- - 
13|- - - - - - - - - - - - - - - 
12|- - - - - - - - - - - - - - - 
11|- - - - - - - - - - - - - - - 
10|- - - - - - - - - - - - - - - 
 9|- - - - - - - - - - - - - - - 
 8|- - - - - - - - - - - - - - - 
 7|- - - - - - - - - - - - - - - 
 6|- - - - - - - - - - - - - - - 
 5|- - - - - - - - - - - - - - - 
 4|- - - - - - - - - - - - - - - 
 3|- - - - - - - - - - - - - - - 
 2|- - - - - - - - - - - - - - - 
 1|- - - - - - - - - - - - - - - 
History : [E14, M14, ]
action: M14
-0.143049
predict win rate: 42.8475%

   A B C D E F G H I J K L M N O 
   ------------------------------
15|- - - - - - - - - - - - - - - 
14|- - - - o - - - - - - - x - - 
13|- - - - - - - - - - - - - - - 
12|- - - - - - - - - - - - - - - 
11|- - - - - - - - - - - - - - - 
10|- - - - - - - - - - - - - - - 
 9|- - - - - - - - - - - - - - - 
 8|- - - - - - - - - - - - - - - 
 7|- - - - - - - - - - - - - - - 
 6|- - - - - - - - - - - - - - - 
 5|- - - - - - - - - - - - - - - 
 4|- - - [31mo [0m- - - - - - - - - - - 
 3|- - - - - - - - - - - - - - - 
 2|- - - - - - - - - - - - - - - 
 1|- - - - - - - - - - - - - - - 
History : [E14, M14, D4, ]
action: D4
-0.18866
predict win rate: 40.567%

   A B C D E F G H I J K L M N O 
   ------------------------------
15|- - - - - - - - - - - - - - - 
14|- - - - o - - - - - - - x - - 
13|- - - - - - - - - - - - - - - 
12|- - - - - - - - - - - - - - - 
11|- - - - - - - - - - - - - - - 
10|- - - - - - - - - - [31mx [0m- - - - 
 9|- - - - - - - - - - - - - - - 
 8|- - - - - - - - - - - - - - - 
 7|- - - - - - - - - - - - - - - 
 6|- - - - - - - - - - - - - - - 
 5|- - - - - - - - - - - - - - - 
 4|- - - o - - - - - - - - - - - 
 3|- - - - - - - - - - - - - - - 
 2|- - - - - - - - - - - - - - - 
 1|- - - - - - - - - - - - - - - 
History : [E14, M14, D4, K10, ]
action: K10
-0.175019
predict win rate: 41.2491%

   A B C D E F G H I J K L M N O 
   ------------------------------
15|- - - - - - - - - - - - - - - 
14|- - - - o - - - - - - - x - - 
13|- - - - - - - - - - - - - - - 
12|- - - - - - - - - - - - - - - 
11|- - - - - - - - - - - - - - - 
10|- - - - - - - - - - x - - - - 
 9|- - - - - - - - - - - - - - - 
 8|- - - - - - - - - - - - - - - 
 7|- - - - - - - - - - - - - - - 
 6|- - - - - - - - - - - - - - - 
 5|- - - - - - - - - - - - - - - 
 4|- - - o - - - - - - - - - - - 
 3|- - - - - - - - - - - - - - - 
 2|- - - - - - - - - - - - - - - 
 1|- - - - [31mo [0m- - - - - - - - - - 
History : [E14, M14, D4, K10, E1, ]
action: E1
-0.191397
predict win rate: 40.4302%

   A B C D E F G H I J K L M N O 
   ------------------------------
15|- - - - - - - - - - - - - - - 
14|- - - - o - - - - - - - x - - 
13|- - - - - - - - - - - - - - - 
12|- - - - - - - - - - - - - - - 
11|- - - - - - - - - [31mx [0m- - - - - 
10|- - - - - - - - - - x - - - - 
 9|- - - - - - - - - - - - - - - 
 8|- - - - - - - - - - - - - - - 
 7|- - - - - - - - - - - - - - - 
 6|- - - - - - - - - - - - - - - 
 5|- - - - - - - - - - - - - - - 
 4|- - - o - - - - - - - - - - - 
 3|- - - - - - - - - - - - - - - 
 2|- - - - - - - - - - - - - - - 
 1|- - - - o - - - - - - - - - - 
History : [E14, M14, D4, K10, E1, J11, ]
action: J11
-0.329666
predict win rate: 33.5167%

   A B C D E F G H I J K L M N O 
   ------------------------------
15|- - - - - - - - - - - - - - - 
14|- - - - o - - - - - - - x - - 
13|- - - - - - - - - - - - - - - 
12|- - - - - - - - - - - - - - - 
11|- - - - - - - - - x - - - - - 
10|- - - - - - - - - - x - - - - 
 9|- - - - - - - - - - - - - - - 
 8|- - - - - - - - - - - - - - - 
 7|- - - - - - - - - - - - - - - 
 6|- - - - - - - - - - - - - - - 
 5|- - - - - - - - - - - - - - - 
 4|- - - o - - - - - - - - - - - 
 3|- - - - - - - - - - - - - - - 
 2|[31mo [0m- - - - - - - - - - - - - - 
 1|- - - - o - - - - - - - - - - 
History : [E14, M14, D4, K10, E1, J11, A2, ]
action: A2
-0.284799
predict win rate: 35.7601%

   A B C D E F G H I J K L M N O 
   ------------------------------
15|- - - - - - - - - - - - - - - 
14|- - - - o - - - - - - - x - - 
13|- - - - - - - - - - - - - - - 
12|- - - - - - - - - - - - - - - 
11|- - - - - - - - - x - - - - - 
10|- - - - - - - - - - x [31mx [0m- - - 
 9|- - - - - - - - - - - - - - - 
 8|- - - - - - - - - - - - - - - 
 7|- - - - - - - - - - - - - - - 
 6|- - - - - - - - - - - - - - - 
 5|- - - - - - - - - - - - - - - 
 4|- - - o - - - - - - - - - - - 
 3|- - - - - - - - - - - - - - - 
 2|o - - - - - - - - - - - - - - 
 1|- - - - o - - - - - - - - - - 
History : [E14, M14, D4, K10, E1, J11, A2, L10, ]
action: L10
-0.364272
predict win rate: 31.7864%

   A B C D E F G H I J K L M N O 
   ------------------------------
15|- - - - - - - - - - - - - - - 
14|- - - - o - - - - - - - x - - 
13|- - - - - - - - - - - - - - - 
12|- - - - - - - - - - - - - - - 
11|- - - - - - - - - x - - - - - 
10|- - - - - - - - - - x x - - - 
 9|- - - - - - - - - - - - - - - 
 8|- - - - - - - - - - - - - - - 
 7|- - - - - - - - - - - - - - - 
 6|- - - - - - - - - - - - - - - 
 5|- - - - - [31mo [0m- - - - - - - - - 
 4|- - - o - - - - - - - - - - - 
 3|- - - - - - - - - - - - - - - 
 2|o - - - - - - - - - - - - - - 
 1|- - - - o - - - - - - - - - - 
History : [E14, M14, D4, K10, E1, J11, A2, L10, F5, ]
action: F5
-0.321762
predict win rate: 33.9119%

   A B C D E F G H I J K L M N O 
   ------------------------------
15|- - - - - - - - - - - - - - - 
14|- - - - o - - - - - - - x - - 
13|- - - - - - - - - - - - - - - 
12|- - - - - - - - - - - - - - - 
11|- - - - - - - - - x - - - - - 
10|- - - [31mx [0m- - - - - - x x - - - 
 9|- - - - - - - - - - - - - - - 
 8|- - - - - - - - - - - - - - - 
 7|- - - - - - - - - - - - - - - 
 6|- - - - - - - - - - - - - - - 
 5|- - - - - o - - - - - - - - - 
 4|- - - o - - - - - - - - - - - 
 3|- - - - - - - - - - - - - - - 
 2|o - - - - - - - - - - - - - - 
 1|- - - - o - - - - - - - - - - 
History : [E14, M14, D4, K10, E1, J11, A2, L10, F5, D10, ]
action: D10
-0.0445123
predict win rate: 47.7744%

   A B C D E F G H I J K L M N O 
   ------------------------------
15|- - - - - - - - - - - - - - - 
14|- - - - o - - - - - - - x - - 
13|- - - - - - - - - - - - - - - 
12|- - - - - - - - - - - - - - - 
11|- - - - - - - - - x - - - - - 
10|- - - x - - - - - - x x - - - 
 9|- - - - - - - - - - - - - - - 
 8|- - - - - - - - - - - - - - - 
 7|- - - - - - - - - - - - - - - 
 6|- [31mo [0m- - - - - - - - - - - - - 
 5|- - - - - o - - - - - - - - - 
 4|- - - o - - - - - - - - - - - 
 3|- - - - - - - - - - - - - - - 
 2|o - - - - - - - - - - - - - - 
 1|- - - - o - - - - - - - - - - 
History : [E14, M14, D4, K10, E1, J11, A2, L10, F5, D10, B6, ]
action: B6
-0.307649
predict win rate: 34.6175%

   A B C D E F G H I J K L M N O 
   ------------------------------
15|- - - - - - - - - - - - - - - 
14|- - - - o - - - - - - - x - - 
13|- - - - - - - - - - - - - - - 
12|- - - - - - - - - - - - - - - 
11|- - - - - - - - - x - - - [31mx [0m- 
10|- - - x - - - - - - x x - - - 
 9|- - - - - - - - - - - - - - - 
 8|- - - - - - - - - - - - - - - 
 7|- - - - - - - - - - - - - - - 
 6|- o - - - - - - - - - - - - - 
 5|- - - - - o - - - - - - - - - 
 4|- - - o - - - - - - - - - - - 
 3|- - - - - - - - - - - - - - - 
 2|o - - - - - - - - - - - - - - 
 1|- - - - o - - - - - - - - - - 
History : [E14, M14, D4, K10, E1, J11, A2, L10, F5, D10, B6, N11, ]
action: N11
-0.0591212
predict win rate: 47.0439%

   A B C D E F G H I J K L M N O 
   ------------------------------
15|- - - - - - - - - - - - - - - 
14|- - - - o - - - - - - - x - - 
13|- - - - - - - - - - - - - - - 
12|- - - - - - - - - - - - - [31mo [0m- 
11|- - - - - - - - - x - - - x - 
10|- - - x - - - - - - x x - - - 
 9|- - - - - - - - - - - - - - - 
 8|- - - - - - - - - - - - - - - 
 7|- - - - - - - - - - - - - - - 
 6|- o - - - - - - - - - - - - - 
 5|- - - - - o - - - - - - - - - 
 4|- - - o - - - - - - - - - - - 
 3|- - - - - - - - - - - - - - - 
 2|o - - - - - - - - - - - - - - 
 1|- - - - o - - - - - - - - - - 
History : [E14, M14, D4, K10, E1, J11, A2, L10, F5, D10, B6, N11, N12, ]
action: N12
-0.41555
predict win rate: 29.2225%

   A B C D E F G H I J K L M N O 
   ------------------------------
15|- - - - - - - - - - - - - - - 
14|- - - - o - - - - - - - x - - 
13|- - - - - - - - - - - - - - - 
12|- - - - - - - - - - - - - o - 
11|- - - - - - - - - x - - - x - 
10|- - - x - - - - - - x x - - - 
 9|- - - - - - - - - - - - - - - 
 8|- - - - - - - [31mx [0m- - - - - - - 
 7|- - - - - - - - - - - - - - - 
 6|- o - - - - - - - - - - - - - 
 5|- - - - - o - - - - - - - - - 
 4|- - - o - - - - - - - - - - - 
 3|- - - - - - - - - - - - - - - 
 2|o - - - - - - - - - - - - - - 
 1|- - - - o - - - - - - - - - - 
History : [E14, M14, D4, K10, E1, J11, A2, L10, F5, D10, B6, N11, N12, H8, ]
action: H8
0.0127069
predict win rate: 50.6353%

   A B C D E F G H I J K L M N O 
   ------------------------------
15|- - - - - - - - - - - - - - - 
14|- - - - o - - - - - - - x - - 
13|- - - - - - - - - - - - - - - 
12|- - [31mo [0m- - - - - - - - - - o - 
11|- - - - - - - - - x - - - x - 
10|- - - x - - - - - - x x - - - 
 9|- - - - - - - - - - - - - - - 
 8|- - - - - - - x - - - - - - - 
 7|- - - - - - - - - - - - - - - 
 6|- o - - - - - - - - - - - - - 
 5|- - - - - o - - - - - - - - - 
 4|- - - o - - - - - - - - - - - 
 3|- - - - - - - - - - - - - - - 
 2|o - - - - - - - - - - - - - - 
 1|- - - - o - - - - - - - - - - 
History : [E14, M14, D4, K10, E1, J11, A2, L10, F5, D10, B6, N11, N12, H8, C12, ]
action: C12
-0.375169
predict win rate: 31.2415%

   A B C D E F G H I J K L M N O 
   ------------------------------
15|- - - - - - - - - - - - - - - 
14|- - - - o - - - - - - - x - - 
13|- - - - - - - - - - - - - - - 
12|- - o - - - - - - - - - - o - 
11|- - - - - [31mx [0m- - - x - - - x - 
10|- - - x - - - - - - x x - - - 
 9|- - - - - - - - - - - - - - - 
 8|- - - - - - - x - - - - - - - 
 7|- - - - - - - - - - - - - - - 
 6|- o - - - - - - - - - - - - - 
 5|- - - - - o - - - - - - - - - 
 4|- - - o - - - - - - - - - - - 
 3|- - - - - - - - - - - - - - - 
 2|o - - - - - - - - - - - - - - 
 1|- - - - o - - - - - - - - - - 
History : [E14, M14, D4, K10, E1, J11, A2, L10, F5, D10, B6, N11, N12, H8, C12, F11, ]
action: F11
-0.0162017
predict win rate: 49.1899%

   A B C D E F G H I J K L M N O 
   ------------------------------
15|- - - - - - - - - - - - - - - 
14|- - - - o - - - - - - - x - - 
13|- - - - - - - - - - - - - - - 
12|- - o - - - - - - - - - - o - 
11|- - - - - x - - - x - - - x - 
10|- - - x - - - - - - x x - - - 
 9|- - - - - - - - - - - - - - - 
 8|- - - - - - - x - - - - - - - 
 7|- - - - [31mo [0m- - - - - - - - - - 
 6|- o - - - - - - - - - - - - - 
 5|- - - - - o - - - - - - - - - 
 4|- - - o - - - - - - - - - - - 
 3|- - - - - - - - - - - - - - - 
 2|o - - - - - - - - - - - - - - 
 1|- - - - o - - - - - - - - - - 
History : [E14, M14, D4, K10, E1, J11, A2, L10, F5, D10, B6, N11, N12, H8, C12, F11, E7, ]
action: E7
-0.43494
predict win rate: 28.253%

   A B C D E F G H I J K L M N O 
   ------------------------------
15|- - - - - - - - - - - - - - - 
14|- - - - o - - - - - - - x - - 
13|- - - - - - - - - - - - - - - 
12|- - o - - - - - - - - - - o - 
11|- - - - - x - - - x - - - x - 
10|- - - x - - - - - - x x - - - 
 9|- - - - - - - - - - - - - - - 
 8|- - - - - - - x - - - - - - - 
 7|- - - - o - - - - - - - - - - 
 6|- o - - - - - - - - - [31mx [0m- - - 
 5|- - - - - o - - - - - - - - - 
 4|- - - o - - - - - - - - - - - 
 3|- - - - - - - - - - - - - - - 
 2|o - - - - - - - - - - - - - - 
 1|- - - - o - - - - - - - - - - 
History : [E14, M14, D4, K10, E1, J11, A2, L10, F5, D10, B6, N11, N12, H8, C12, F11, E7, L6, ]
action: L6
0.0644014
predict win rate: 53.2201%

   A B C D E F G H I J K L M N O 
   ------------------------------
15|- - - - - - - - - - - - - - - 
14|- - - - o - - - - - - - x - - 
13|- - - - - - - - - - - - - - - 
12|- - o - - - - - - - - - - o - 
11|- - - - - x - - - x - - - x - 
10|- - - x - - - - - - x x - - - 
 9|- - - - - - - - - - - [31mo [0m- - - 
 8|- - - - - - - x - - - - - - - 
 7|- - - - o - - - - - - - - - - 
 6|- o - - - - - - - - - x - - - 
 5|- - - - - o - - - - - - - - - 
 4|- - - o - - - - - - - - - - - 
 3|- - - - - - - - - - - - - - - 
 2|o - - - - - - - - - - - - - - 
 1|- - - - o - - - - - - - - - - 
History : [E14, M14, D4, K10, E1, J11, A2, L10, F5, D10, B6, N11, N12, H8, C12, F11, E7, L6, L9, ]
action: L9
-0.039169
predict win rate: 48.0415%

   A B C D E F G H I J K L M N O 
   ------------------------------
15|- - - - - - - - - - - - - - - 
14|- - - - o - - - - - - - x - - 
13|- - - - - - - - - - - - [31mx [0m- - 
12|- - o - - - - - - - - - - o - 
11|- - - - - x - - - x - - - x - 
10|- - - x - - - - - - x x - - - 
 9|- - - - - - - - - - - o - - - 
 8|- - - - - - - x - - - - - - - 
 7|- - - - o - - - - - - - - - - 
 6|- o - - - - - - - - - x - - - 
 5|- - - - - o - - - - - - - - - 
 4|- - - o - - - - - - - - - - - 
 3|- - - - - - - - - - - - - - - 
 2|o - - - - - - - - - - - - - - 
 1|- - - - o - - - - - - - - - - 
History : [E14, M14, D4, K10, E1, J11, A2, L10, F5, D10, B6, N11, N12, H8, C12, F11, E7, L6, L9, M13, ]
action: M13
0.0197251
predict win rate: 50.9863%

   A B C D E F G H I J K L M N O 
   ------------------------------
15|- - - - - - - - - - - - - - - 
14|- - - - o - - - - - - - x - - 
13|- - - - - - - - - - - - x - - 
12|- - o - - - - - - - - - - o - 
11|- - - - - x - - - x - - - x - 
10|- - - x - - - - - - x x - - - 
 9|- - - - - - - - - - - o - - - 
 8|- - - - - - - x - - - - - - - 
 7|- - - - o - - - - - - - - - - 
 6|- o - - - - - - - - - x - - - 
 5|- - - - [31mo [0mo - - - - - - - - - 
 4|- - - o - - - - - - - - - - - 
 3|- - - - - - - - - - - - - - - 
 2|o - - - - - - - - - - - - - - 
 1|- - - - o - - - - - - - - - - 
History : [E14, M14, D4, K10, E1, J11, A2, L10, F5, D10, B6, N11, N12, H8, C12, F11, E7, L6, L9, M13, E5, ]
action: E5
-0.0385608
predict win rate: 48.072%

   A B C D E F G H I J K L M N O 
   ------------------------------
15|- - - - - - - - - - - - - - - 
14|- - - - o - - - - - - - x - - 
13|- - - - - - - - - - - - x - - 
12|- - o - - - - - - - - - - o - 
11|- - - - - x - - - x - - - x - 
10|- - - x - - - - - - x x - - - 
 9|- - - - - - - - - - - o - - - 
 8|- - - - - - - x - - - - - - - 
 7|- - - - o - - - - - - - - - - 
 6|- o - - - - - - - - - x - - - 
 5|- - - - o o - - - - - - - - - 
 4|- - - o - - - - - - - - - - - 
 3|- - - - - - - - - - - - - - - 
 2|o - - - - - - - - - - - - - - 
 1|- - - - o [31mx [0m- - - - - - - - - 
History : [E14, M14, D4, K10, E1, J11, A2, L10, F5, D10, B6, N11, N12, H8, C12, F11, E7, L6, L9, M13, E5, F1, ]
action: F1
0.0526665
predict win rate: 52.6333%

   A B C D E F G H I J K L M N O 
   ------------------------------
15|- - - - - - - - - - - - - - - 
14|- - - - o - - - - - - - x - - 
13|- - - - - - - - - - - - x - - 
12|- - o - - - - - - - - - - o - 
11|- - - - - x - - - x - - - x - 
10|- - - x - - - - - - x x - - - 
 9|- - - - - - - - - - - o - - - 
 8|- - - - - - - x - - - - - - - 
 7|- - - - o - - - - - - - - - - 
 6|- o - - - - - - - - - x - - - 
 5|- - - - o o - - - - - - - - - 
 4|- - - o - - - - - - - - - - - 
 3|- - - - - - - - - - - [31mo [0m- - - 
 2|o - - - - - - - - - - - - - - 
 1|- - - - o x - - - - - - - - - 
History : [E14, M14, D4, K10, E1, J11, A2, L10, F5, D10, B6, N11, N12, H8, C12, F11, E7, L6, L9, M13, E5, F1, L3, ]
action: L3
-0.0464648
predict win rate: 47.6768%

   A B C D E F G H I J K L M N O 
   ------------------------------
15|- - - - - - - - - - - - - - - 
14|- - - - o - - - - - - - x - - 
13|- - - - - - - - - - - - x - - 
12|- - o - - - - - - - - - - o - 
11|- - - - - x - - - x - - - x - 
10|- - - x - - - - - - x x - - - 
 9|- - - - - - - - - - - o - - - 
 8|- - - - - - - x - - - - - - - 
 7|- - - - o - - - - - - - - - - 
 6|- o - - - - - - - - - x - - - 
 5|- - - - o o - - - - - - - - - 
 4|- - - o - - - - - - - - - - - 
 3|- - - - - - - - - - - o - - - 
 2|o - - - [31mx [0m- - - - - - - - - - 
 1|- - - - o x - - - - - - - - - 
History : [E14, M14, D4, K10, E1, J11, A2, L10, F5, D10, B6, N11, N12, H8, C12, F11, E7, L6, L9, M13, E5, F1, L3, E2, ]
action: E2
0.0172193
predict win rate: 50.861%

   A B C D E F G H I J K L M N O 
   ------------------------------
15|- - - - - - - - - - - - - - - 
14|- - - - o - - - - - - - x - - 
13|- - - - - - - - - - - - x - - 
12|- - o - - - - - - - - - - o - 
11|- - - - - x - - - x - - - x - 
10|- - - x - - - - - - x x - - - 
 9|- - - - - - - - - - - o - - - 
 8|- - - - - - - x - - - - - - - 
 7|- - - - o - - - - - - - - - - 
 6|- o - - - - - - - - - x - - - 
 5|- - - - o o [31mo [0m- - - - - - - - 
 4|- - - o - - - - - - - - - - - 
 3|- - - - - - - - - - - o - - - 
 2|o - - - x - - - - - - - - - - 
 1|- - - - o x - - - - - - - - - 
History : [E14, M14, D4, K10, E1, J11, A2, L10, F5, D10, B6, N11, N12, H8, C12, F11, E7, L6, L9, M13, E5, F1, L3, E2, G5, ]
action: G5
-0.0204021
predict win rate: 48.9799%

   A B C D E F G H I J K L M N O 
   ------------------------------
15|- - - - - - - - - - - - - - - 
14|- - - - o - - - - - - - x - - 
13|- - - - - - - - - - - - x - - 
12|- - o - - - - - - - - - - o - 
11|- - - - - x - - - x - - - x - 
10|- - - x - - - - - - x x - - - 
 9|- - - - - - - - - - - o - - - 
 8|- - - - - - - x - - - - - - - 
 7|- - - - o - - - - - - - - - - 
 6|- o - - - - - - - - - x - - - 
 5|- - - - o o o - - - - [31mx [0m- - - 
 4|- - - o - - - - - - - - - - - 
 3|- - - - - - - - - - - o - - - 
 2|o - - - x - - - - - - - - - - 
 1|- - - - o x - - - - - - - - - 
History : [E14, M14, D4, K10, E1, J11, A2, L10, F5, D10, B6, N11, N12, H8, C12, F11, E7, L6, L9, M13, E5, F1, L3, E2, G5, L5, ]
action: L5
0.0232632
predict win rate: 51.1632%

   A B C D E F G H I J K L M N O 
   ------------------------------
15|- - - - - - - - - - - - - - - 
14|- - - - o - - - - - - - x [31mo [0m- 
13|- - - - - - - - - - - - x - - 
12|- - o - - - - - - - - - - o - 
11|- - - - - x - - - x - - - x - 
10|- - - x - - - - - - x x - - - 
 9|- - - - - - - - - - - o - - - 
 8|- - - - - - - x - - - - - - - 
 7|- - - - o - - - - - - - - - - 
 6|- o - - - - - - - - - x - - - 
 5|- - - - o o o - - - - x - - - 
 4|- - - o - - - - - - - - - - - 
 3|- - - - - - - - - - - o - - - 
 2|o - - - x - - - - - - - - - - 
 1|- - - - o x - - - - - - - - - 
History : [E14, M14, D4, K10, E1, J11, A2, L10, F5, D10, B6, N11, N12, H8, C12, F11, E7, L6, L9, M13, E5, F1, L3, E2, G5, L5, N14, ]
action: N14
0.0155582
predict win rate: 50.7779%

   A B C D E F G H I J K L M N O 
   ------------------------------
15|- - - - - - - - - - - - - - - 
14|- - - - o - - - - - - - x o - 
13|- - - - - - - - - - - - x - - 
12|- - o - - - - - - - - - [31mx [0mo - 
11|- - - - - x - - - x - - - x - 
10|- - - x - - - - - - x x - - - 
 9|- - - - - - - - - - - o - - - 
 8|- - - - - - - x - - - - - - - 
 7|- - - - o - - - - - - - - - - 
 6|- o - - - - - - - - - x - - - 
 5|- - - - o o o - - - - x - - - 
 4|- - - o - - - - - - - - - - - 
 3|- - - - - - - - - - - o - - - 
 2|o - - - x - - - - - - - - - - 
 1|- - - - o x - - - - - - - - - 
History : [E14, M14, D4, K10, E1, J11, A2, L10, F5, D10, B6, N11, N12, H8, C12, F11, E7, L6, L9, M13, E5, F1, L3, E2, G5, L5, N14, M12, ]
action: M12
0.0534614
predict win rate: 52.6731%

   A B C D E F G H I J K L M N O 
   ------------------------------
15|- - - - - - - - - - - - - - - 
14|- - - - o - - - - - - - x o - 
13|- - - - - - - - - - - - x - - 
12|- - o - - - - - - - - - x o - 
11|- - - - - x - - - x - - - x - 
10|- - - x - - - - - - x x - - - 
 9|- - - - - - - - - - - o - - - 
 8|- - - - - - - x - - - - - - - 
 7|- - - - o - - - - - - - - - - 
 6|- o - - - - - - - - - x - - - 
 5|- - - - o o o [31mo [0m- - - x - - - 
 4|- - - o - - - - - - - - - - - 
 3|- - - - - - - - - - - o - - - 
 2|o - - - x - - - - - - - - - - 
 1|- - - - o x - - - - - - - - - 
History : [E14, M14, D4, K10, E1, J11, A2, L10, F5, D10, B6, N11, N12, H8, C12, F11, E7, L6, L9, M13, E5, F1, L3, E2, G5, L5, N14, M12, H5, ]
action: H5
0.11665
predict win rate: 55.8325%

   A B C D E F G H I J K L M N O 
   ------------------------------
15|- - - - - - - - - - - - - - - 
14|- - - - o - - - - - - - x o - 
13|- - - - - - - - - - - - x - - 
12|- - o - - - - - - - - - x o - 
11|- - - - - x - - - x - - - x - 
10|- - - x - - - - - - x x - - - 
 9|- - - - - - - - - - - o - - - 
 8|- - - - - - - x - - - - - - - 
 7|- - - - o - - - - - - - - - - 
 6|- o - - - - - - - - - x - - - 
 5|- - - - o o o o - - - x - - - 
 4|- - - o - - - - - - - - - - - 
 3|- - - - - - - [31mx [0m- - - o - - - 
 2|o - - - x - - - - - - - - - - 
 1|- - - - o x - - - - - - - - - 
History : [E14, M14, D4, K10, E1, J11, A2, L10, F5, D10, B6, N11, N12, H8, C12, F11, E7, L6, L9, M13, E5, F1, L3, E2, G5, L5, N14, M12, H5, H3, ]
action: H3
-0.914529
predict win rate: 4.27353%

   A B C D E F G H I J K L M N O 
   ------------------------------
15|- - - - - - - - - - - - - - - 
14|- - - - o - - - - - - - x o - 
13|- - - - - - - - - - - - x - - 
12|- - o - - - - - - - - - x o - 
11|- - - - - x - - - x - - - x - 
10|- - - x - - - - - - x x - - - 
 9|- - - - - - - - - - - o - - - 
 8|- - - - - - - x - - - - - - - 
 7|- - - - o - - - - - - - - - - 
 6|- o - - - - - - - - - x - - - 
 5|- - - - o o o o [31mo [0m- - x - - - 
 4|- - - o - - - - - - - - - - - 
 3|- - - - - - - x - - - o - - - 
 2|o - - - x - - - - - - - - - - 
 1|- - - - o x - - - - - - - - - 
History : [E14, M14, D4, K10, E1, J11, A2, L10, F5, D10, B6, N11, N12, H8, C12, F11, E7, L6, L9, M13, E5, F1, L3, E2, G5, L5, N14, M12, H5, H3, I5, ]
action: I5
1
predict win rate: 100%

cost time: 1.47845 s.
