1 Physical GPUs, 1 Logical GPUs
File count is: 17
(2, 2, 15, 15) (850, 15, 15) (850, 15, 15) (850,)
start expand data.
[[['0' '0' '0' '0' '0' '0' '0' '0' '0' '0' '0' '0' '0' '0' '0']
  ['0' '0' '1' '0' '0' '0' '0' '0' '0' '0' '0' '0' '0' '0' '0']
  ['0' '0' '0' '0' '0' '0' '0' '0' '0' '0' '0' '0' '0' '0' '0']
  ['1' '0' '0' '0' '0' '0' '0' '0' '0' '0' '0' '0' '0' '0' '0']
  ['0' '0' '0' '0' '0' '0' '0' '0' '0' '0' '0' '0' '0' '0' '0']
  ['0' '0' '0' '0' '0' '0' '0' '0' '0' '0' '0' '0' '0' '0' '0']
  ['0' '0' '0' '0' '0' '0' '0' '0' '0' '0' '0' '0' '0' '0' '0']
  ['0' '0' '0' '0' '0' '0' '0' '0' '0' '0' '0' '0' '0' '0' '0']
  ['0' '0' '0' '0' '0' '0' '0' '0' '0' '0' '0' '0' '0' '0' '0']
  ['0' '0' '0' '0' '0' '0' '0' '0' '0' '0' '0' '0' '0' '0' '0']
  ['0' '0' '0' '0' '0' '0' '0' '0' '0' '0' '0' '0' '0' '0' '0']
  ['0' '0' '0' '0' '0' '0' '0' '0' '0' '0' '0' '0' '0' '0' '0']
  ['0' '0' '0' '0' '0' '0' '0' '0' '0' '0' '0' '0' '0' '0' '0']
  ['0' '0' '0' '0' '0' '0' '0' '0' '0' '0' '0' '0' '0' '0' '0']
  ['0' '0' '0' '0' '0' '0' '0' '0' '0' '0' '0' '0' '0' '0' '0']]

 [['0' '0' '0' '0' '0' '0' '0' '0' '0' '0' '0' '0' '0' '0' '0']
  ['0' '0' '0' '0' '0' '0' '0' '0' '0' '0' '0' '0' '0' '0' '0']
  ['1' '0' '0' '0' '0' '0' '0' '0' '0' '0' '0' '0' '0' '0' '0']
  ['0' '0' '0' '0' '0' '0' '0' '0' '0' '0' '0' '0' '0' '0' '0']
  ['1' '0' '0' '0' '0' '0' '0' '0' '0' '0' '0' '0' '0' '0' '0']
  ['0' '0' '0' '0' '0' '0' '0' '0' '0' '0' '0' '0' '0' '0' '0']
  ['0' '0' '0' '0' '0' '0' '0' '0' '0' '0' '0' '0' '0' '0' '0']
  ['0' '0' '0' '0' '0' '0' '0' '0' '0' '0' '0' '0' '0' '0' '0']
  ['0' '0' '0' '0' '0' '0' '0' '0' '0' '0' '0' '0' '0' '0' '0']
  ['0' '0' '0' '0' '0' '0' '0' '0' '0' '0' '0' '0' '0' '0' '0']
  ['0' '0' '0' '0' '0' '0' '0' '0' '0' '0' '0' '0' '0' '0' '0']
  ['0' '0' '0' '0' '0' '0' '0' '0' '0' '0' '0' '0' '0' '0' '0']
  ['0' '0' '0' '0' '0' '0' '0' '0' '0' '0' '0' '0' '0' '0' '0']
  ['0' '0' '0' '0' '0' '0' '0' '0' '0' '0' '0' '0' '0' '0' '0']
  ['0' '0' '0' '0' '0' '0' '0' '0' '0' '0' '0' '0' '0' '0' '0']]]
[[[['0' '0' '0' '0' '0' '0' '0' '0' '0' '0' '0' '0' '0' '0' '0']
   ['0' '0' '1' '0' '0' '0' '0' '0' '0' '0' '0' '0' '0' '0' '0']
   ['0' '0' '0' '0' '0' '0' '0' '0' '0' '0' '0' '0' '0' '0' '0']
   ['1' '0' '0' '0' '0' '0' '0' '0' '0' '0' '0' '0' '0' '0' '0']
   ['0' '0' '0' '0' '0' '0' '0' '0' '0' '0' '0' '0' '0' '0' '0']
   ['0' '0' '0' '0' '0' '0' '0' '0' '0' '0' '0' '0' '0' '0' '0']
   ['0' '0' '0' '0' '0' '0' '0' '0' '0' '0' '0' '0' '0' '0' '0']
   ['0' '0' '0' '0' '0' '0' '0' '0' '0' '0' '0' '0' '0' '0' '0']
   ['0' '0' '0' '0' '0' '0' '0' '0' '0' '0' '0' '0' '0' '0' '0']
   ['0' '0' '0' '0' '0' '0' '0' '0' '0' '0' '0' '0' '0' '0' '0']
   ['0' '0' '0' '0' '0' '0' '0' '0' '0' '0' '0' '0' '0' '0' '0']
   ['0' '0' '0' '0' '0' '0' '0' '0' '0' '0' '0' '0' '0' '0' '0']
   ['0' '0' '0' '0' '0' '0' '0' '0' '0' '0' '0' '0' '0' '0' '0']
   ['0' '0' '0' '0' '0' '0' '0' '0' '0' '0' '0' '0' '0' '0' '0']
   ['0' '0' '0' '0' '0' '0' '0' '0' '0' '0' '0' '0' '0' '0' '0']]

  [['0' '0' '0' '0' '0' '0' '0' '0' '0' '0' '0' '0' '0' '0' '0']
   ['0' '0' '0' '0' '0' '0' '0' '0' '0' '0' '0' '0' '0' '0' '0']
   ['1' '0' '0' '0' '0' '0' '0' '0' '0' '0' '0' '0' '0' '0' '0']
   ['0' '0' '0' '0' '0' '0' '0' '0' '0' '0' '0' '0' '0' '0' '0']
   ['1' '0' '0' '0' '0' '0' '0' '0' '0' '0' '0' '0' '0' '0' '0']
   ['0' '0' '0' '0' '0' '0' '0' '0' '0' '0' '0' '0' '0' '0' '0']
   ['0' '0' '0' '0' '0' '0' '0' '0' '0' '0' '0' '0' '0' '0' '0']
   ['0' '0' '0' '0' '0' '0' '0' '0' '0' '0' '0' '0' '0' '0' '0']
   ['0' '0' '0' '0' '0' '0' '0' '0' '0' '0' '0' '0' '0' '0' '0']
   ['0' '0' '0' '0' '0' '0' '0' '0' '0' '0' '0' '0' '0' '0' '0']
   ['0' '0' '0' '0' '0' '0' '0' '0' '0' '0' '0' '0' '0' '0' '0']
   ['0' '0' '0' '0' '0' '0' '0' '0' '0' '0' '0' '0' '0' '0' '0']
   ['0' '0' '0' '0' '0' '0' '0' '0' '0' '0' '0' '0' '0' '0' '0']
   ['0' '0' '0' '0' '0' '0' '0' '0' '0' '0' '0' '0' '0' '0' '0']
   ['0' '0' '0' '0' '0' '0' '0' '0' '0' '0' '0' '0' '0' '0' '0']]]


 [[['0' '0' '0' '0' '0' '0' '0' '0' '0' '0' '0' '0' '0' '0' '0']
   ['0' '0' '0' '0' '0' '0' '0' '0' '0' '0' '0' '0' '0' '0' '0']
   ['0' '0' '0' '0' '0' '0' '0' '0' '0' '0' '0' '0' '0' '0' '0']
   ['0' '0' '0' '0' '0' '0' '0' '0' '0' '0' '0' '0' '0' '0' '0']
   ['0' '0' '0' '0' '0' '0' '0' '0' '0' '0' '0' '0' '0' '0' '0']
   ['0' '0' '0' '0' '0' '0' '0' '0' '0' '0' '0' '0' '0' '0' '0']
   ['0' '0' '0' '0' '0' '0' '0' '0' '0' '0' '0' '0' '0' '0' '0']
   ['0' '0' '0' '0' '0' '0' '0' '0' '0' '0' '0' '0' '0' '0' '0']
   ['0' '0' '0' '0' '0' '0' '0' '0' '0' '0' '0' '0' '0' '0' '0']
   ['0' '0' '0' '0' '0' '0' '0' '0' '0' '0' '0' '0' '0' '0' '0']
   ['0' '0' '0' '0' '0' '0' '0' '0' '0' '0' '0' '0' '0' '0' '0']
   ['0' '0' '0' '0' '0' '0' '0' '0' '0' '0' '0' '0' '0' '0' '0']
   ['0' '1' '0' '0' '0' '0' '0' '0' '0' '0' '0' '0' '0' '0' '0']
   ['0' '0' '0' '0' '0' '0' '0' '0' '0' '0' '0' '0' '0' '0' '0']
   ['0' '0' '0' '1' '0' '0' '0' '0' '0' '0' '0' '0' '0' '0' '0']]

  [['0' '0' '0' '0' '0' '0' '0' '0' '0' '0' '0' '0' '0' '0' '0']
   ['0' '0' '0' '0' '0' '0' '0' '0' '0' '0' '0' '0' '0' '0' '0']
   ['0' '0' '0' '0' '0' '0' '0' '0' '0' '0' '0' '0' '0' '0' '0']
   ['0' '0' '0' '0' '0' '0' '0' '0' '0' '0' '0' '0' '0' '0' '0']
   ['0' '0' '0' '0' '0' '0' '0' '0' '0' '0' '0' '0' '0' '0' '0']
   ['0' '0' '0' '0' '0' '0' '0' '0' '0' '0' '0' '0' '0' '0' '0']
   ['0' '0' '0' '0' '0' '0' '0' '0' '0' '0' '0' '0' '0' '0' '0']
   ['0' '0' '0' '0' '0' '0' '0' '0' '0' '0' '0' '0' '0' '0' '0']
   ['0' '0' '0' '0' '0' '0' '0' '0' '0' '0' '0' '0' '0' '0' '0']
   ['0' '0' '0' '0' '0' '0' '0' '0' '0' '0' '0' '0' '0' '0' '0']
   ['0' '0' '0' '0' '0' '0' '0' '0' '0' '0' '0' '0' '0' '0' '0']
   ['0' '0' '0' '0' '0' '0' '0' '0' '0' '0' '0' '0' '0' '0' '0']
   ['0' '0' '0' '0' '0' '0' '0' '0' '0' '0' '0' '0' '0' '0' '0']
   ['0' '0' '0' '0' '0' '0' '0' '0' '0' '0' '0' '0' '0' '0' '0']
   ['0' '0' '1' '0' '1' '0' '0' '0' '0' '0' '0' '0' '0' '0' '0']]]


 [[['0' '0' '0' '0' '0' '0' '0' '0' '0' '0' '0' '0' '0' '0' '0']
   ['0' '0' '0' '0' '0' '0' '0' '0' '0' '0' '0' '0' '0' '0' '0']
   ['0' '0' '0' '0' '0' '0' '0' '0' '0' '0' '0' '0' '0' '0' '0']
   ['0' '0' '0' '0' '0' '0' '0' '0' '0' '0' '0' '0' '0' '0' '0']
   ['0' '0' '0' '0' '0' '0' '0' '0' '0' '0' '0' '0' '0' '0' '0']
   ['0' '0' '0' '0' '0' '0' '0' '0' '0' '0' '0' '0' '0' '0' '0']
   ['0' '0' '0' '0' '0' '0' '0' '0' '0' '0' '0' '0' '0' '0' '0']
   ['0' '0' '0' '0' '0' '0' '0' '0' '0' '0' '0' '0' '0' '0' '0']
   ['0' '0' '0' '0' '0' '0' '0' '0' '0' '0' '0' '0' '0' '0' '0']
   ['0' '0' '0' '0' '0' '0' '0' '0' '0' '0' '0' '0' '0' '0' '0']
   ['0' '0' '0' '0' '0' '0' '0' '0' '0' '0' '0' '0' '0' '0' '0']
   ['0' '0' '0' '0' '0' '0' '0' '0' '0' '0' '0' '0' '0' '0' '1']
   ['0' '0' '0' '0' '0' '0' '0' '0' '0' '0' '0' '0' '0' '0' '0']
   ['0' '0' '0' '0' '0' '0' '0' '0' '0' '0' '0' '0' '1' '0' '0']
   ['0' '0' '0' '0' '0' '0' '0' '0' '0' '0' '0' '0' '0' '0' '0']]

  [['0' '0' '0' '0' '0' '0' '0' '0' '0' '0' '0' '0' '0' '0' '0']
   ['0' '0' '0' '0' '0' '0' '0' '0' '0' '0' '0' '0' '0' '0' '0']
   ['0' '0' '0' '0' '0' '0' '0' '0' '0' '0' '0' '0' '0' '0' '0']
   ['0' '0' '0' '0' '0' '0' '0' '0' '0' '0' '0' '0' '0' '0' '0']
   ['0' '0' '0' '0' '0' '0' '0' '0' '0' '0' '0' '0' '0' '0' '0']
   ['0' '0' '0' '0' '0' '0' '0' '0' '0' '0' '0' '0' '0' '0' '0']
   ['0' '0' '0' '0' '0' '0' '0' '0' '0' '0' '0' '0' '0' '0' '0']
   ['0' '0' '0' '0' '0' '0' '0' '0' '0' '0' '0' '0' '0' '0' '0']
   ['0' '0' '0' '0' '0' '0' '0' '0' '0' '0' '0' '0' '0' '0' '0']
   ['0' '0' '0' '0' '0' '0' '0' '0' '0' '0' '0' '0' '0' '0' '0']
   ['0' '0' '0' '0' '0' '0' '0' '0' '0' '0' '0' '0' '0' '0' '1']
   ['0' '0' '0' '0' '0' '0' '0' '0' '0' '0' '0' '0' '0' '0' '0']
   ['0' '0' '0' '0' '0' '0' '0' '0' '0' '0' '0' '0' '0' '0' '1']
   ['0' '0' '0' '0' '0' '0' '0' '0' '0' '0' '0' '0' '0' '0' '0']
   ['0' '0' '0' '0' '0' '0' '0' '0' '0' '0' '0' '0' '0' '0' '0']]]


 [[['0' '0' '0' '0' '0' '0' '0' '0' '0' '0' '0' '1' '0' '0' '0']
   ['0' '0' '0' '0' '0' '0' '0' '0' '0' '0' '0' '0' '0' '0' '0']
   ['0' '0' '0' '0' '0' '0' '0' '0' '0' '0' '0' '0' '0' '1' '0']
   ['0' '0' '0' '0' '0' '0' '0' '0' '0' '0' '0' '0' '0' '0' '0']
   ['0' '0' '0' '0' '0' '0' '0' '0' '0' '0' '0' '0' '0' '0' '0']
   ['0' '0' '0' '0' '0' '0' '0' '0' '0' '0' '0' '0' '0' '0' '0']
   ['0' '0' '0' '0' '0' '0' '0' '0' '0' '0' '0' '0' '0' '0' '0']
   ['0' '0' '0' '0' '0' '0' '0' '0' '0' '0' '0' '0' '0' '0' '0']
   ['0' '0' '0' '0' '0' '0' '0' '0' '0' '0' '0' '0' '0' '0' '0']
   ['0' '0' '0' '0' '0' '0' '0' '0' '0' '0' '0' '0' '0' '0' '0']
   ['0' '0' '0' '0' '0' '0' '0' '0' '0' '0' '0' '0' '0' '0' '0']
   ['0' '0' '0' '0' '0' '0' '0' '0' '0' '0' '0' '0' '0' '0' '0']
   ['0' '0' '0' '0' '0' '0' '0' '0' '0' '0' '0' '0' '0' '0' '0']
   ['0' '0' '0' '0' '0' '0' '0' '0' '0' '0' '0' '0' '0' '0' '0']
   ['0' '0' '0' '0' '0' '0' '0' '0' '0' '0' '0' '0' '0' '0' '0']]

  [['0' '0' '0' '0' '0' '0' '0' '0' '0' '0' '1' '0' '1' '0' '0']
   ['0' '0' '0' '0' '0' '0' '0' '0' '0' '0' '0' '0' '0' '0' '0']
   ['0' '0' '0' '0' '0' '0' '0' '0' '0' '0' '0' '0' '0' '0' '0']
   ['0' '0' '0' '0' '0' '0' '0' '0' '0' '0' '0' '0' '0' '0' '0']
   ['0' '0' '0' '0' '0' '0' '0' '0' '0' '0' '0' '0' '0' '0' '0']
   ['0' '0' '0' '0' '0' '0' '0' '0' '0' '0' '0' '0' '0' '0' '0']
   ['0' '0' '0' '0' '0' '0' '0' '0' '0' '0' '0' '0' '0' '0' '0']
   ['0' '0' '0' '0' '0' '0' '0' '0' '0' '0' '0' '0' '0' '0' '0']
   ['0' '0' '0' '0' '0' '0' '0' '0' '0' '0' '0' '0' '0' '0' '0']
   ['0' '0' '0' '0' '0' '0' '0' '0' '0' '0' '0' '0' '0' '0' '0']
   ['0' '0' '0' '0' '0' '0' '0' '0' '0' '0' '0' '0' '0' '0' '0']
   ['0' '0' '0' '0' '0' '0' '0' '0' '0' '0' '0' '0' '0' '0' '0']
   ['0' '0' '0' '0' '0' '0' '0' '0' '0' '0' '0' '0' '0' '0' '0']
   ['0' '0' '0' '0' '0' '0' '0' '0' '0' '0' '0' '0' '0' '0' '0']
   ['0' '0' '0' '0' '0' '0' '0' '0' '0' '0' '0' '0' '0' '0' '0']]]


 [[['0' '0' '0' '0' '0' '0' '0' '0' '0' '0' '0' '0' '0' '0' '0']
   ['0' '0' '0' '0' '0' '0' '0' '0' '0' '0' '0' '0' '1' '0' '0']
   ['0' '0' '0' '0' '0' '0' '0' '0' '0' '0' '0' '0' '0' '0' '0']
   ['0' '0' '0' '0' '0' '0' '0' '0' '0' '0' '0' '0' '0' '0' '1']
   ['0' '0' '0' '0' '0' '0' '0' '0' '0' '0' '0' '0' '0' '0' '0']
   ['0' '0' '0' '0' '0' '0' '0' '0' '0' '0' '0' '0' '0' '0' '0']
   ['0' '0' '0' '0' '0' '0' '0' '0' '0' '0' '0' '0' '0' '0' '0']
   ['0' '0' '0' '0' '0' '0' '0' '0' '0' '0' '0' '0' '0' '0' '0']
   ['0' '0' '0' '0' '0' '0' '0' '0' '0' '0' '0' '0' '0' '0' '0']
   ['0' '0' '0' '0' '0' '0' '0' '0' '0' '0' '0' '0' '0' '0' '0']
   ['0' '0' '0' '0' '0' '0' '0' '0' '0' '0' '0' '0' '0' '0' '0']
   ['0' '0' '0' '0' '0' '0' '0' '0' '0' '0' '0' '0' '0' '0' '0']
   ['0' '0' '0' '0' '0' '0' '0' '0' '0' '0' '0' '0' '0' '0' '0']
   ['0' '0' '0' '0' '0' '0' '0' '0' '0' '0' '0' '0' '0' '0' '0']
   ['0' '0' '0' '0' '0' '0' '0' '0' '0' '0' '0' '0' '0' '0' '0']]

  [['0' '0' '0' '0' '0' '0' '0' '0' '0' '0' '0' '0' '0' '0' '0']
   ['0' '0' '0' '0' '0' '0' '0' '0' '0' '0' '0' '0' '0' '0' '0']
   ['0' '0' '0' '0' '0' '0' '0' '0' '0' '0' '0' '0' '0' '0' '1']
   ['0' '0' '0' '0' '0' '0' '0' '0' '0' '0' '0' '0' '0' '0' '0']
   ['0' '0' '0' '0' '0' '0' '0' '0' '0' '0' '0' '0' '0' '0' '1']
   ['0' '0' '0' '0' '0' '0' '0' '0' '0' '0' '0' '0' '0' '0' '0']
   ['0' '0' '0' '0' '0' '0' '0' '0' '0' '0' '0' '0' '0' '0' '0']
   ['0' '0' '0' '0' '0' '0' '0' '0' '0' '0' '0' '0' '0' '0' '0']
   ['0' '0' '0' '0' '0' '0' '0' '0' '0' '0' '0' '0' '0' '0' '0']
   ['0' '0' '0' '0' '0' '0' '0' '0' '0' '0' '0' '0' '0' '0' '0']
   ['0' '0' '0' '0' '0' '0' '0' '0' '0' '0' '0' '0' '0' '0' '0']
   ['0' '0' '0' '0' '0' '0' '0' '0' '0' '0' '0' '0' '0' '0' '0']
   ['0' '0' '0' '0' '0' '0' '0' '0' '0' '0' '0' '0' '0' '0' '0']
   ['0' '0' '0' '0' '0' '0' '0' '0' '0' '0' '0' '0' '0' '0' '0']
   ['0' '0' '0' '0' '0' '0' '0' '0' '0' '0' '0' '0' '0' '0' '0']]]


 [[['0' '0' '0' '0' '0' '0' '0' '0' '0' '0' '0' '0' '0' '0' '0']
   ['0' '0' '0' '0' '0' '0' '0' '0' '0' '0' '0' '0' '0' '0' '0']
   ['0' '0' '0' '0' '0' '0' '0' '0' '0' '0' '0' '0' '0' '0' '0']
   ['0' '0' '0' '0' '0' '0' '0' '0' '0' '0' '0' '0' '0' '0' '0']
   ['0' '0' '0' '0' '0' '0' '0' '0' '0' '0' '0' '0' '0' '0' '0']
   ['0' '0' '0' '0' '0' '0' '0' '0' '0' '0' '0' '0' '0' '0' '0']
   ['0' '0' '0' '0' '0' '0' '0' '0' '0' '0' '0' '0' '0' '0' '0']
   ['0' '0' '0' '0' '0' '0' '0' '0' '0' '0' '0' '0' '0' '0' '0']
   ['0' '0' '0' '0' '0' '0' '0' '0' '0' '0' '0' '0' '0' '0' '0']
   ['0' '0' '0' '0' '0' '0' '0' '0' '0' '0' '0' '0' '0' '0' '0']
   ['0' '0' '0' '0' '0' '0' '0' '0' '0' '0' '0' '0' '0' '0' '0']
   ['0' '0' '0' '0' '0' '0' '0' '0' '0' '0' '0' '0' '0' '0' '0']
   ['0' '0' '0' '0' '0' '0' '0' '0' '0' '0' '0' '0' '0' '1' '0']
   ['0' '0' '0' '0' '0' '0' '0' '0' '0' '0' '0' '0' '0' '0' '0']
   ['0' '0' '0' '0' '0' '0' '0' '0' '0' '0' '0' '1' '0' '0' '0']]

  [['0' '0' '0' '0' '0' '0' '0' '0' '0' '0' '0' '0' '0' '0' '0']
   ['0' '0' '0' '0' '0' '0' '0' '0' '0' '0' '0' '0' '0' '0' '0']
   ['0' '0' '0' '0' '0' '0' '0' '0' '0' '0' '0' '0' '0' '0' '0']
   ['0' '0' '0' '0' '0' '0' '0' '0' '0' '0' '0' '0' '0' '0' '0']
   ['0' '0' '0' '0' '0' '0' '0' '0' '0' '0' '0' '0' '0' '0' '0']
   ['0' '0' '0' '0' '0' '0' '0' '0' '0' '0' '0' '0' '0' '0' '0']
   ['0' '0' '0' '0' '0' '0' '0' '0' '0' '0' '0' '0' '0' '0' '0']
   ['0' '0' '0' '0' '0' '0' '0' '0' '0' '0' '0' '0' '0' '0' '0']
   ['0' '0' '0' '0' '0' '0' '0' '0' '0' '0' '0' '0' '0' '0' '0']
   ['0' '0' '0' '0' '0' '0' '0' '0' '0' '0' '0' '0' '0' '0' '0']
   ['0' '0' '0' '0' '0' '0' '0' '0' '0' '0' '0' '0' '0' '0' '0']
   ['0' '0' '0' '0' '0' '0' '0' '0' '0' '0' '0' '0' '0' '0' '0']
   ['0' '0' '0' '0' '0' '0' '0' '0' '0' '0' '0' '0' '0' '0' '0']
   ['0' '0' '0' '0' '0' '0' '0' '0' '0' '0' '0' '0' '0' '0' '0']
   ['0' '0' '0' '0' '0' '0' '0' '0' '0' '0' '1' '0' '1' '0' '0']]]


 [[['0' '0' '0' '0' '0' '0' '0' '0' '0' '0' '0' '0' '0' '0' '0']
   ['0' '0' '0' '0' '0' '0' '0' '0' '0' '0' '0' '0' '0' '0' '0']
   ['0' '0' '0' '0' '0' '0' '0' '0' '0' '0' '0' '0' '0' '0' '0']
   ['0' '0' '0' '0' '0' '0' '0' '0' '0' '0' '0' '0' '0' '0' '0']
   ['0' '0' '0' '0' '0' '0' '0' '0' '0' '0' '0' '0' '0' '0' '0']
   ['0' '0' '0' '0' '0' '0' '0' '0' '0' '0' '0' '0' '0' '0' '0']
   ['0' '0' '0' '0' '0' '0' '0' '0' '0' '0' '0' '0' '0' '0' '0']
   ['0' '0' '0' '0' '0' '0' '0' '0' '0' '0' '0' '0' '0' '0' '0']
   ['0' '0' '0' '0' '0' '0' '0' '0' '0' '0' '0' '0' '0' '0' '0']
   ['0' '0' '0' '0' '0' '0' '0' '0' '0' '0' '0' '0' '0' '0' '0']
   ['0' '0' '0' '0' '0' '0' '0' '0' '0' '0' '0' '0' '0' '0' '0']
   ['1' '0' '0' '0' '0' '0' '0' '0' '0' '0' '0' '0' '0' '0' '0']
   ['0' '0' '0' '0' '0' '0' '0' '0' '0' '0' '0' '0' '0' '0' '0']
   ['0' '0' '1' '0' '0' '0' '0' '0' '0' '0' '0' '0' '0' '0' '0']
   ['0' '0' '0' '0' '0' '0' '0' '0' '0' '0' '0' '0' '0' '0' '0']]

  [['0' '0' '0' '0' '0' '0' '0' '0' '0' '0' '0' '0' '0' '0' '0']
   ['0' '0' '0' '0' '0' '0' '0' '0' '0' '0' '0' '0' '0' '0' '0']
   ['0' '0' '0' '0' '0' '0' '0' '0' '0' '0' '0' '0' '0' '0' '0']
   ['0' '0' '0' '0' '0' '0' '0' '0' '0' '0' '0' '0' '0' '0' '0']
   ['0' '0' '0' '0' '0' '0' '0' '0' '0' '0' '0' '0' '0' '0' '0']
   ['0' '0' '0' '0' '0' '0' '0' '0' '0' '0' '0' '0' '0' '0' '0']
   ['0' '0' '0' '0' '0' '0' '0' '0' '0' '0' '0' '0' '0' '0' '0']
   ['0' '0' '0' '0' '0' '0' '0' '0' '0' '0' '0' '0' '0' '0' '0']
   ['0' '0' '0' '0' '0' '0' '0' '0' '0' '0' '0' '0' '0' '0' '0']
   ['0' '0' '0' '0' '0' '0' '0' '0' '0' '0' '0' '0' '0' '0' '0']
   ['1' '0' '0' '0' '0' '0' '0' '0' '0' '0' '0' '0' '0' '0' '0']
   ['0' '0' '0' '0' '0' '0' '0' '0' '0' '0' '0' '0' '0' '0' '0']
   ['1' '0' '0' '0' '0' '0' '0' '0' '0' '0' '0' '0' '0' '0' '0']
   ['0' '0' '0' '0' '0' '0' '0' '0' '0' '0' '0' '0' '0' '0' '0']
   ['0' '0' '0' '0' '0' '0' '0' '0' '0' '0' '0' '0' '0' '0' '0']]]


 [[['0' '0' '0' '1' '0' '0' '0' '0' '0' '0' '0' '0' '0' '0' '0']
   ['0' '0' '0' '0' '0' '0' '0' '0' '0' '0' '0' '0' '0' '0' '0']
   ['0' '1' '0' '0' '0' '0' '0' '0' '0' '0' '0' '0' '0' '0' '0']
   ['0' '0' '0' '0' '0' '0' '0' '0' '0' '0' '0' '0' '0' '0' '0']
   ['0' '0' '0' '0' '0' '0' '0' '0' '0' '0' '0' '0' '0' '0' '0']
   ['0' '0' '0' '0' '0' '0' '0' '0' '0' '0' '0' '0' '0' '0' '0']
   ['0' '0' '0' '0' '0' '0' '0' '0' '0' '0' '0' '0' '0' '0' '0']
   ['0' '0' '0' '0' '0' '0' '0' '0' '0' '0' '0' '0' '0' '0' '0']
   ['0' '0' '0' '0' '0' '0' '0' '0' '0' '0' '0' '0' '0' '0' '0']
   ['0' '0' '0' '0' '0' '0' '0' '0' '0' '0' '0' '0' '0' '0' '0']
   ['0' '0' '0' '0' '0' '0' '0' '0' '0' '0' '0' '0' '0' '0' '0']
   ['0' '0' '0' '0' '0' '0' '0' '0' '0' '0' '0' '0' '0' '0' '0']
   ['0' '0' '0' '0' '0' '0' '0' '0' '0' '0' '0' '0' '0' '0' '0']
   ['0' '0' '0' '0' '0' '0' '0' '0' '0' '0' '0' '0' '0' '0' '0']
   ['0' '0' '0' '0' '0' '0' '0' '0' '0' '0' '0' '0' '0' '0' '0']]

  [['0' '0' '1' '0' '1' '0' '0' '0' '0' '0' '0' '0' '0' '0' '0']
   ['0' '0' '0' '0' '0' '0' '0' '0' '0' '0' '0' '0' '0' '0' '0']
   ['0' '0' '0' '0' '0' '0' '0' '0' '0' '0' '0' '0' '0' '0' '0']
   ['0' '0' '0' '0' '0' '0' '0' '0' '0' '0' '0' '0' '0' '0' '0']
   ['0' '0' '0' '0' '0' '0' '0' '0' '0' '0' '0' '0' '0' '0' '0']
   ['0' '0' '0' '0' '0' '0' '0' '0' '0' '0' '0' '0' '0' '0' '0']
   ['0' '0' '0' '0' '0' '0' '0' '0' '0' '0' '0' '0' '0' '0' '0']
   ['0' '0' '0' '0' '0' '0' '0' '0' '0' '0' '0' '0' '0' '0' '0']
   ['0' '0' '0' '0' '0' '0' '0' '0' '0' '0' '0' '0' '0' '0' '0']
   ['0' '0' '0' '0' '0' '0' '0' '0' '0' '0' '0' '0' '0' '0' '0']
   ['0' '0' '0' '0' '0' '0' '0' '0' '0' '0' '0' '0' '0' '0' '0']
   ['0' '0' '0' '0' '0' '0' '0' '0' '0' '0' '0' '0' '0' '0' '0']
   ['0' '0' '0' '0' '0' '0' '0' '0' '0' '0' '0' '0' '0' '0' '0']
   ['0' '0' '0' '0' '0' '0' '0' '0' '0' '0' '0' '0' '0' '0' '0']
   ['0' '0' '0' '0' '0' '0' '0' '0' '0' '0' '0' '0' '0' '0' '0']]]


 [[['0' '0' '0' '0' '0' '0' '0' '0' '0' '0' '0' '0' '0' '0' '0']
   ['0' '0' '0' '0' '0' '0' '0' '0' '0' '0' '0' '0' '0' '0' '0']
   ['1' '0' '0' '0' '0' '0' '0' '0' '0' '0' '0' '0' '0' '0' '0']
   ['0' '0' '0' '0' '0' '0' '0' '0' '0' '0' '0' '0' '0' '0' '0']
   ['1' '0' '0' '0' '0' '0' '0' '0' '0' '0' '0' '0' '0' '0' '0']
   ['0' '0' '0' '0' '0' '0' '0' '0' '0' '0' '0' '0' '0' '0' '0']
   ['0' '0' '0' '0' '0' '0' '0' '0' '0' '0' '0' '0' '0' '0' '0']
   ['0' '0' '0' '0' '0' '0' '0' '0' '0' '0' '0' '0' '0' '0' '0']
   ['0' '0' '0' '0' '0' '0' '0' '0' '0' '0' '0' '0' '0' '0' '0']
   ['0' '0' '0' '0' '0' '0' '0' '0' '0' '0' '0' '0' '0' '0' '0']
   ['0' '0' '0' '0' '0' '0' '0' '0' '0' '0' '0' '0' '0' '0' '0']
   ['0' '0' '0' '0' '0' '0' '0' '0' '0' '0' '0' '0' '0' '0' '0']
   ['0' '0' '0' '0' '0' '0' '0' '0' '0' '0' '0' '0' '0' '0' '0']
   ['0' '0' '0' '0' '0' '0' '0' '0' '0' '0' '0' '0' '0' '0' '0']
   ['0' '0' '0' '0' '0' '0' '0' '0' '0' '0' '0' '0' '0' '0' '0']]

  [['0' '0' '0' '0' '0' '0' '0' '0' '0' '0' '0' '0' '0' '0' '0']
   ['0' '0' '1' '0' '0' '0' '0' '0' '0' '0' '0' '0' '0' '0' '0']
   ['0' '0' '0' '0' '0' '0' '0' '0' '0' '0' '0' '0' '0' '0' '0']
   ['1' '0' '0' '0' '0' '0' '0' '0' '0' '0' '0' '0' '0' '0' '0']
   ['0' '0' '0' '0' '0' '0' '0' '0' '0' '0' '0' '0' '0' '0' '0']
   ['0' '0' '0' '0' '0' '0' '0' '0' '0' '0' '0' '0' '0' '0' '0']
   ['0' '0' '0' '0' '0' '0' '0' '0' '0' '0' '0' '0' '0' '0' '0']
   ['0' '0' '0' '1' '0' '0' '0' '0' '0' '0' '0' '0' '0' '0' '0']
   ['0' '0' '0' '0' '0' '0' '0' '0' '0' '0' '0' '0' '0' '0' '0']
   ['0' '0' '0' '0' '0' '0' '0' '0' '0' '0' '0' '0' '0' '0' '0']
   ['0' '0' '0' '0' '0' '0' '0' '0' '0' '0' '0' '0' '0' '0' '0']
   ['0' '0' '0' '0' '0' '0' '0' '0' '0' '0' '0' '0' '0' '0' '0']
   ['0' '0' '0' '0' '0' '0' '0' '0' '0' '0' '0' '0' '0' '0' '0']
   ['0' '0' '0' '0' '0' '0' '0' '0' '0' '0' '0' '0' '0' '0' '0']
   ['0' '0' '0' '0' '0' '0' '0' '0' '0' '0' '0' '0' '0' '0' '0']]]


 [[['0' '0' '0' '0' '0' '0' '0' '0' '0' '0' '0' '0' '0' '0' '0']
   ['0' '0' '0' '0' '0' '0' '0' '0' '0' '0' '0' '0' '0' '0' '0']
   ['0' '0' '0' '0' '0' '0' '0' '0' '0' '0' '0' '0' '0' '0' '0']
   ['0' '0' '0' '0' '0' '0' '0' '0' '0' '0' '0' '0' '0' '0' '0']
   ['0' '0' '0' '0' '0' '0' '0' '0' '0' '0' '0' '0' '0' '0' '0']
   ['0' '0' '0' '0' '0' '0' '0' '0' '0' '0' '0' '0' '0' '0' '0']
   ['0' '0' '0' '0' '0' '0' '0' '0' '0' '0' '0' '0' '0' '0' '0']
   ['0' '0' '0' '0' '0' '0' '0' '0' '0' '0' '0' '0' '0' '0' '0']
   ['0' '0' '0' '0' '0' '0' '0' '0' '0' '0' '0' '0' '0' '0' '0']
   ['0' '0' '0' '0' '0' '0' '0' '0' '0' '0' '0' '0' '0' '0' '0']
   ['0' '0' '0' '0' '0' '0' '0' '0' '0' '0' '0' '0' '0' '0' '0']
   ['0' '0' '0' '0' '0' '0' '0' '0' '0' '0' '0' '0' '0' '0' '0']
   ['0' '0' '0' '0' '0' '0' '0' '0' '0' '0' '0' '0' '0' '0' '0']
   ['0' '0' '0' '0' '0' '0' '0' '0' '0' '0' '0' '0' '0' '0' '0']
   ['0' '0' '1' '0' '1' '0' '0' '0' '0' '0' '0' '0' '0' '0' '0']]

  [['0' '0' '0' '0' '0' '0' '0' '0' '0' '0' '0' '0' '0' '0' '0']
   ['0' '0' '0' '0' '0' '0' '0' '0' '0' '0' '0' '0' '0' '0' '0']
   ['0' '0' '0' '0' '0' '0' '0' '0' '0' '0' '0' '0' '0' '0' '0']
   ['0' '0' '0' '0' '0' '0' '0' '0' '0' '0' '0' '0' '0' '0' '0']
   ['0' '0' '0' '0' '0' '0' '0' '0' '0' '0' '0' '0' '0' '0' '0']
   ['0' '0' '0' '0' '0' '0' '0' '0' '0' '0' '0' '0' '0' '0' '0']
   ['0' '0' '0' '0' '0' '0' '0' '0' '0' '0' '0' '0' '0' '0' '0']
   ['0' '0' '0' '0' '0' '0' '0' '0' '0' '0' '0' '0' '0' '0' '0']
   ['0' '0' '0' '0' '0' '0' '0' '0' '0' '0' '0' '0' '0' '0' '0']
   ['0' '0' '0' '0' '0' '0' '0' '0' '0' '0' '0' '0' '0' '0' '0']
   ['0' '0' '0' '0' '0' '0' '0' '0' '0' '0' '0' '0' '0' '0' '0']
   ['0' '0' '0' '0' '0' '0' '0' '1' '0' '0' '0' '0' '0' '0' '0']
   ['0' '1' '0' '0' '0' '0' '0' '0' '0' '0' '0' '0' '0' '0' '0']
   ['0' '0' '0' '0' '0' '0' '0' '0' '0' '0' '0' '0' '0' '0' '0']
   ['0' '0' '0' '1' '0' '0' '0' '0' '0' '0' '0' '0' '0' '0' '0']]]


 [[['0' '0' '0' '0' '0' '0' '0' '0' '0' '0' '0' '0' '0' '0' '0']
   ['0' '0' '0' '0' '0' '0' '0' '0' '0' '0' '0' '0' '0' '0' '0']
   ['0' '0' '0' '0' '0' '0' '0' '0' '0' '0' '0' '0' '0' '0' '0']
   ['0' '0' '0' '0' '0' '0' '0' '0' '0' '0' '0' '0' '0' '0' '0']
   ['0' '0' '0' '0' '0' '0' '0' '0' '0' '0' '0' '0' '0' '0' '0']
   ['0' '0' '0' '0' '0' '0' '0' '0' '0' '0' '0' '0' '0' '0' '0']
   ['0' '0' '0' '0' '0' '0' '0' '0' '0' '0' '0' '0' '0' '0' '0']
   ['0' '0' '0' '0' '0' '0' '0' '0' '0' '0' '0' '0' '0' '0' '0']
   ['0' '0' '0' '0' '0' '0' '0' '0' '0' '0' '0' '0' '0' '0' '0']
   ['0' '0' '0' '0' '0' '0' '0' '0' '0' '0' '0' '0' '0' '0' '0']
   ['0' '0' '0' '0' '0' '0' '0' '0' '0' '0' '0' '0' '0' '0' '1']
   ['0' '0' '0' '0' '0' '0' '0' '0' '0' '0' '0' '0' '0' '0' '0']
   ['0' '0' '0' '0' '0' '0' '0' '0' '0' '0' '0' '0' '0' '0' '1']
   ['0' '0' '0' '0' '0' '0' '0' '0' '0' '0' '0' '0' '0' '0' '0']
   ['0' '0' '0' '0' '0' '0' '0' '0' '0' '0' '0' '0' '0' '0' '0']]

  [['0' '0' '0' '0' '0' '0' '0' '0' '0' '0' '0' '0' '0' '0' '0']
   ['0' '0' '0' '0' '0' '0' '0' '0' '0' '0' '0' '0' '0' '0' '0']
   ['0' '0' '0' '0' '0' '0' '0' '0' '0' '0' '0' '0' '0' '0' '0']
   ['0' '0' '0' '0' '0' '0' '0' '0' '0' '0' '0' '0' '0' '0' '0']
   ['0' '0' '0' '0' '0' '0' '0' '0' '0' '0' '0' '0' '0' '0' '0']
   ['0' '0' '0' '0' '0' '0' '0' '0' '0' '0' '0' '0' '0' '0' '0']
   ['0' '0' '0' '0' '0' '0' '0' '0' '0' '0' '0' '0' '0' '0' '0']
   ['0' '0' '0' '0' '0' '0' '0' '0' '0' '0' '0' '1' '0' '0' '0']
   ['0' '0' '0' '0' '0' '0' '0' '0' '0' '0' '0' '0' '0' '0' '0']
   ['0' '0' '0' '0' '0' '0' '0' '0' '0' '0' '0' '0' '0' '0' '0']
   ['0' '0' '0' '0' '0' '0' '0' '0' '0' '0' '0' '0' '0' '0' '0']
   ['0' '0' '0' '0' '0' '0' '0' '0' '0' '0' '0' '0' '0' '0' '1']
   ['0' '0' '0' '0' '0' '0' '0' '0' '0' '0' '0' '0' '0' '0' '0']
   ['0' '0' '0' '0' '0' '0' '0' '0' '0' '0' '0' '0' '1' '0' '0']
   ['0' '0' '0' '0' '0' '0' '0' '0' '0' '0' '0' '0' '0' '0' '0']]]


 [[['0' '0' '0' '0' '0' '0' '0' '0' '0' '0' '1' '0' '1' '0' '0']
   ['0' '0' '0' '0' '0' '0' '0' '0' '0' '0' '0' '0' '0' '0' '0']
   ['0' '0' '0' '0' '0' '0' '0' '0' '0' '0' '0' '0' '0' '0' '0']
   ['0' '0' '0' '0' '0' '0' '0' '0' '0' '0' '0' '0' '0' '0' '0']
   ['0' '0' '0' '0' '0' '0' '0' '0' '0' '0' '0' '0' '0' '0' '0']
   ['0' '0' '0' '0' '0' '0' '0' '0' '0' '0' '0' '0' '0' '0' '0']
   ['0' '0' '0' '0' '0' '0' '0' '0' '0' '0' '0' '0' '0' '0' '0']
   ['0' '0' '0' '0' '0' '0' '0' '0' '0' '0' '0' '0' '0' '0' '0']
   ['0' '0' '0' '0' '0' '0' '0' '0' '0' '0' '0' '0' '0' '0' '0']
   ['0' '0' '0' '0' '0' '0' '0' '0' '0' '0' '0' '0' '0' '0' '0']
   ['0' '0' '0' '0' '0' '0' '0' '0' '0' '0' '0' '0' '0' '0' '0']
   ['0' '0' '0' '0' '0' '0' '0' '0' '0' '0' '0' '0' '0' '0' '0']
   ['0' '0' '0' '0' '0' '0' '0' '0' '0' '0' '0' '0' '0' '0' '0']
   ['0' '0' '0' '0' '0' '0' '0' '0' '0' '0' '0' '0' '0' '0' '0']
   ['0' '0' '0' '0' '0' '0' '0' '0' '0' '0' '0' '0' '0' '0' '0']]

  [['0' '0' '0' '0' '0' '0' '0' '0' '0' '0' '0' '1' '0' '0' '0']
   ['0' '0' '0' '0' '0' '0' '0' '0' '0' '0' '0' '0' '0' '0' '0']
   ['0' '0' '0' '0' '0' '0' '0' '0' '0' '0' '0' '0' '0' '1' '0']
   ['0' '0' '0' '0' '0' '0' '0' '1' '0' '0' '0' '0' '0' '0' '0']
   ['0' '0' '0' '0' '0' '0' '0' '0' '0' '0' '0' '0' '0' '0' '0']
   ['0' '0' '0' '0' '0' '0' '0' '0' '0' '0' '0' '0' '0' '0' '0']
   ['0' '0' '0' '0' '0' '0' '0' '0' '0' '0' '0' '0' '0' '0' '0']
   ['0' '0' '0' '0' '0' '0' '0' '0' '0' '0' '0' '0' '0' '0' '0']
   ['0' '0' '0' '0' '0' '0' '0' '0' '0' '0' '0' '0' '0' '0' '0']
   ['0' '0' '0' '0' '0' '0' '0' '0' '0' '0' '0' '0' '0' '0' '0']
   ['0' '0' '0' '0' '0' '0' '0' '0' '0' '0' '0' '0' '0' '0' '0']
   ['0' '0' '0' '0' '0' '0' '0' '0' '0' '0' '0' '0' '0' '0' '0']
   ['0' '0' '0' '0' '0' '0' '0' '0' '0' '0' '0' '0' '0' '0' '0']
   ['0' '0' '0' '0' '0' '0' '0' '0' '0' '0' '0' '0' '0' '0' '0']
   ['0' '0' '0' '0' '0' '0' '0' '0' '0' '0' '0' '0' '0' '0' '0']]]


 [[['0' '0' '0' '0' '0' '0' '0' '0' '0' '0' '0' '0' '0' '0' '0']
   ['0' '0' '0' '0' '0' '0' '0' '0' '0' '0' '0' '0' '0' '0' '0']
   ['0' '0' '0' '0' '0' '0' '0' '0' '0' '0' '0' '0' '0' '0' '1']
   ['0' '0' '0' '0' '0' '0' '0' '0' '0' '0' '0' '0' '0' '0' '0']
   ['0' '0' '0' '0' '0' '0' '0' '0' '0' '0' '0' '0' '0' '0' '1']
   ['0' '0' '0' '0' '0' '0' '0' '0' '0' '0' '0' '0' '0' '0' '0']
   ['0' '0' '0' '0' '0' '0' '0' '0' '0' '0' '0' '0' '0' '0' '0']
   ['0' '0' '0' '0' '0' '0' '0' '0' '0' '0' '0' '0' '0' '0' '0']
   ['0' '0' '0' '0' '0' '0' '0' '0' '0' '0' '0' '0' '0' '0' '0']
   ['0' '0' '0' '0' '0' '0' '0' '0' '0' '0' '0' '0' '0' '0' '0']
   ['0' '0' '0' '0' '0' '0' '0' '0' '0' '0' '0' '0' '0' '0' '0']
   ['0' '0' '0' '0' '0' '0' '0' '0' '0' '0' '0' '0' '0' '0' '0']
   ['0' '0' '0' '0' '0' '0' '0' '0' '0' '0' '0' '0' '0' '0' '0']
   ['0' '0' '0' '0' '0' '0' '0' '0' '0' '0' '0' '0' '0' '0' '0']
   ['0' '0' '0' '0' '0' '0' '0' '0' '0' '0' '0' '0' '0' '0' '0']]

  [['0' '0' '0' '0' '0' '0' '0' '0' '0' '0' '0' '0' '0' '0' '0']
   ['0' '0' '0' '0' '0' '0' '0' '0' '0' '0' '0' '0' '1' '0' '0']
   ['0' '0' '0' '0' '0' '0' '0' '0' '0' '0' '0' '0' '0' '0' '0']
   ['0' '0' '0' '0' '0' '0' '0' '0' '0' '0' '0' '0' '0' '0' '1']
   ['0' '0' '0' '0' '0' '0' '0' '0' '0' '0' '0' '0' '0' '0' '0']
   ['0' '0' '0' '0' '0' '0' '0' '0' '0' '0' '0' '0' '0' '0' '0']
   ['0' '0' '0' '0' '0' '0' '0' '0' '0' '0' '0' '0' '0' '0' '0']
   ['0' '0' '0' '0' '0' '0' '0' '0' '0' '0' '0' '1' '0' '0' '0']
   ['0' '0' '0' '0' '0' '0' '0' '0' '0' '0' '0' '0' '0' '0' '0']
   ['0' '0' '0' '0' '0' '0' '0' '0' '0' '0' '0' '0' '0' '0' '0']
   ['0' '0' '0' '0' '0' '0' '0' '0' '0' '0' '0' '0' '0' '0' '0']
   ['0' '0' '0' '0' '0' '0' '0' '0' '0' '0' '0' '0' '0' '0' '0']
   ['0' '0' '0' '0' '0' '0' '0' '0' '0' '0' '0' '0' '0' '0' '0']
   ['0' '0' '0' '0' '0' '0' '0' '0' '0' '0' '0' '0' '0' '0' '0']
   ['0' '0' '0' '0' '0' '0' '0' '0' '0' '0' '0' '0' '0' '0' '0']]]


 [[['0' '0' '0' '0' '0' '0' '0' '0' '0' '0' '0' '0' '0' '0' '0']
   ['0' '0' '0' '0' '0' '0' '0' '0' '0' '0' '0' '0' '0' '0' '0']
   ['0' '0' '0' '0' '0' '0' '0' '0' '0' '0' '0' '0' '0' '0' '0']
   ['0' '0' '0' '0' '0' '0' '0' '0' '0' '0' '0' '0' '0' '0' '0']
   ['0' '0' '0' '0' '0' '0' '0' '0' '0' '0' '0' '0' '0' '0' '0']
   ['0' '0' '0' '0' '0' '0' '0' '0' '0' '0' '0' '0' '0' '0' '0']
   ['0' '0' '0' '0' '0' '0' '0' '0' '0' '0' '0' '0' '0' '0' '0']
   ['0' '0' '0' '0' '0' '0' '0' '0' '0' '0' '0' '0' '0' '0' '0']
   ['0' '0' '0' '0' '0' '0' '0' '0' '0' '0' '0' '0' '0' '0' '0']
   ['0' '0' '0' '0' '0' '0' '0' '0' '0' '0' '0' '0' '0' '0' '0']
   ['0' '0' '0' '0' '0' '0' '0' '0' '0' '0' '0' '0' '0' '0' '0']
   ['0' '0' '0' '0' '0' '0' '0' '0' '0' '0' '0' '0' '0' '0' '0']
   ['0' '0' '0' '0' '0' '0' '0' '0' '0' '0' '0' '0' '0' '0' '0']
   ['0' '0' '0' '0' '0' '0' '0' '0' '0' '0' '0' '0' '0' '0' '0']
   ['0' '0' '0' '0' '0' '0' '0' '0' '0' '0' '1' '0' '1' '0' '0']]

  [['0' '0' '0' '0' '0' '0' '0' '0' '0' '0' '0' '0' '0' '0' '0']
   ['0' '0' '0' '0' '0' '0' '0' '0' '0' '0' '0' '0' '0' '0' '0']
   ['0' '0' '0' '0' '0' '0' '0' '0' '0' '0' '0' '0' '0' '0' '0']
   ['0' '0' '0' '0' '0' '0' '0' '0' '0' '0' '0' '0' '0' '0' '0']
   ['0' '0' '0' '0' '0' '0' '0' '0' '0' '0' '0' '0' '0' '0' '0']
   ['0' '0' '0' '0' '0' '0' '0' '0' '0' '0' '0' '0' '0' '0' '0']
   ['0' '0' '0' '0' '0' '0' '0' '0' '0' '0' '0' '0' '0' '0' '0']
   ['0' '0' '0' '0' '0' '0' '0' '0' '0' '0' '0' '0' '0' '0' '0']
   ['0' '0' '0' '0' '0' '0' '0' '0' '0' '0' '0' '0' '0' '0' '0']
   ['0' '0' '0' '0' '0' '0' '0' '0' '0' '0' '0' '0' '0' '0' '0']
   ['0' '0' '0' '0' '0' '0' '0' '0' '0' '0' '0' '0' '0' '0' '0']
   ['0' '0' '0' '0' '0' '0' '0' '1' '0' '0' '0' '0' '0' '0' '0']
   ['0' '0' '0' '0' '0' '0' '0' '0' '0' '0' '0' '0' '0' '1' '0']
   ['0' '0' '0' '0' '0' '0' '0' '0' '0' '0' '0' '0' '0' '0' '0']
   ['0' '0' '0' '0' '0' '0' '0' '0' '0' '0' '0' '1' '0' '0' '0']]]


 [[['0' '0' '0' '0' '0' '0' '0' '0' '0' '0' '0' '0' '0' '0' '0']
   ['0' '0' '0' '0' '0' '0' '0' '0' '0' '0' '0' '0' '0' '0' '0']
   ['0' '0' '0' '0' '0' '0' '0' '0' '0' '0' '0' '0' '0' '0' '0']
   ['0' '0' '0' '0' '0' '0' '0' '0' '0' '0' '0' '0' '0' '0' '0']
   ['0' '0' '0' '0' '0' '0' '0' '0' '0' '0' '0' '0' '0' '0' '0']
   ['0' '0' '0' '0' '0' '0' '0' '0' '0' '0' '0' '0' '0' '0' '0']
   ['0' '0' '0' '0' '0' '0' '0' '0' '0' '0' '0' '0' '0' '0' '0']
   ['0' '0' '0' '0' '0' '0' '0' '0' '0' '0' '0' '0' '0' '0' '0']
   ['0' '0' '0' '0' '0' '0' '0' '0' '0' '0' '0' '0' '0' '0' '0']
   ['0' '0' '0' '0' '0' '0' '0' '0' '0' '0' '0' '0' '0' '0' '0']
   ['1' '0' '0' '0' '0' '0' '0' '0' '0' '0' '0' '0' '0' '0' '0']
   ['0' '0' '0' '0' '0' '0' '0' '0' '0' '0' '0' '0' '0' '0' '0']
   ['1' '0' '0' '0' '0' '0' '0' '0' '0' '0' '0' '0' '0' '0' '0']
   ['0' '0' '0' '0' '0' '0' '0' '0' '0' '0' '0' '0' '0' '0' '0']
   ['0' '0' '0' '0' '0' '0' '0' '0' '0' '0' '0' '0' '0' '0' '0']]

  [['0' '0' '0' '0' '0' '0' '0' '0' '0' '0' '0' '0' '0' '0' '0']
   ['0' '0' '0' '0' '0' '0' '0' '0' '0' '0' '0' '0' '0' '0' '0']
   ['0' '0' '0' '0' '0' '0' '0' '0' '0' '0' '0' '0' '0' '0' '0']
   ['0' '0' '0' '0' '0' '0' '0' '0' '0' '0' '0' '0' '0' '0' '0']
   ['0' '0' '0' '0' '0' '0' '0' '0' '0' '0' '0' '0' '0' '0' '0']
   ['0' '0' '0' '0' '0' '0' '0' '0' '0' '0' '0' '0' '0' '0' '0']
   ['0' '0' '0' '0' '0' '0' '0' '0' '0' '0' '0' '0' '0' '0' '0']
   ['0' '0' '0' '1' '0' '0' '0' '0' '0' '0' '0' '0' '0' '0' '0']
   ['0' '0' '0' '0' '0' '0' '0' '0' '0' '0' '0' '0' '0' '0' '0']
   ['0' '0' '0' '0' '0' '0' '0' '0' '0' '0' '0' '0' '0' '0' '0']
   ['0' '0' '0' '0' '0' '0' '0' '0' '0' '0' '0' '0' '0' '0' '0']
   ['1' '0' '0' '0' '0' '0' '0' '0' '0' '0' '0' '0' '0' '0' '0']
   ['0' '0' '0' '0' '0' '0' '0' '0' '0' '0' '0' '0' '0' '0' '0']
   ['0' '0' '1' '0' '0' '0' '0' '0' '0' '0' '0' '0' '0' '0' '0']
   ['0' '0' '0' '0' '0' '0' '0' '0' '0' '0' '0' '0' '0' '0' '0']]]


 [[['0' '0' '1' '0' '1' '0' '0' '0' '0' '0' '0' '0' '0' '0' '0']
   ['0' '0' '0' '0' '0' '0' '0' '0' '0' '0' '0' '0' '0' '0' '0']
   ['0' '0' '0' '0' '0' '0' '0' '0' '0' '0' '0' '0' '0' '0' '0']
   ['0' '0' '0' '0' '0' '0' '0' '0' '0' '0' '0' '0' '0' '0' '0']
   ['0' '0' '0' '0' '0' '0' '0' '0' '0' '0' '0' '0' '0' '0' '0']
   ['0' '0' '0' '0' '0' '0' '0' '0' '0' '0' '0' '0' '0' '0' '0']
   ['0' '0' '0' '0' '0' '0' '0' '0' '0' '0' '0' '0' '0' '0' '0']
   ['0' '0' '0' '0' '0' '0' '0' '0' '0' '0' '0' '0' '0' '0' '0']
   ['0' '0' '0' '0' '0' '0' '0' '0' '0' '0' '0' '0' '0' '0' '0']
   ['0' '0' '0' '0' '0' '0' '0' '0' '0' '0' '0' '0' '0' '0' '0']
   ['0' '0' '0' '0' '0' '0' '0' '0' '0' '0' '0' '0' '0' '0' '0']
   ['0' '0' '0' '0' '0' '0' '0' '0' '0' '0' '0' '0' '0' '0' '0']
   ['0' '0' '0' '0' '0' '0' '0' '0' '0' '0' '0' '0' '0' '0' '0']
   ['0' '0' '0' '0' '0' '0' '0' '0' '0' '0' '0' '0' '0' '0' '0']
   ['0' '0' '0' '0' '0' '0' '0' '0' '0' '0' '0' '0' '0' '0' '0']]

  [['0' '0' '0' '1' '0' '0' '0' '0' '0' '0' '0' '0' '0' '0' '0']
   ['0' '0' '0' '0' '0' '0' '0' '0' '0' '0' '0' '0' '0' '0' '0']
   ['0' '1' '0' '0' '0' '0' '0' '0' '0' '0' '0' '0' '0' '0' '0']
   ['0' '0' '0' '0' '0' '0' '0' '1' '0' '0' '0' '0' '0' '0' '0']
   ['0' '0' '0' '0' '0' '0' '0' '0' '0' '0' '0' '0' '0' '0' '0']
   ['0' '0' '0' '0' '0' '0' '0' '0' '0' '0' '0' '0' '0' '0' '0']
   ['0' '0' '0' '0' '0' '0' '0' '0' '0' '0' '0' '0' '0' '0' '0']
   ['0' '0' '0' '0' '0' '0' '0' '0' '0' '0' '0' '0' '0' '0' '0']
   ['0' '0' '0' '0' '0' '0' '0' '0' '0' '0' '0' '0' '0' '0' '0']
   ['0' '0' '0' '0' '0' '0' '0' '0' '0' '0' '0' '0' '0' '0' '0']
   ['0' '0' '0' '0' '0' '0' '0' '0' '0' '0' '0' '0' '0' '0' '0']
   ['0' '0' '0' '0' '0' '0' '0' '0' '0' '0' '0' '0' '0' '0' '0']
   ['0' '0' '0' '0' '0' '0' '0' '0' '0' '0' '0' '0' '0' '0' '0']
   ['0' '0' '0' '0' '0' '0' '0' '0' '0' '0' '0' '0' '0' '0' '0']
   ['0' '0' '0' '0' '0' '0' '0' '0' '0' '0' '0' '0' '0' '0' '0']]]]
(16, 2, 15, 15)
(16, 2, 15, 15)
(16, 2, 15, 15)
16
Time taken:  0.06410098075866699
