load model accept
80 iter start.
Process  0 start.
REPLAY_BUFFER_SIZE: 4096
Gumble simple: 30
Start Evaluation
Round 1: 
   A B C D E F G H I J K L M N O 
   ------------------------------
15|- - - - - - - - - - - - - - - 
14|- o x o o - - - - - - - - - - 
13|- o - o - o - - - - - - - - - 
12|o x x x x o o - - - - - - - - 
11|- x o x o - x x - - - - - - - 
10|x x x x x o o - - - - - - - - 
 9|- o - - - x - - - - - - - - - 
 8|- - - - - - o - - - - - - - - 
 7|- - - - - - - - - - - - - - - 
 6|- - - - - - - - - - - - - - - 
 5|- - - - - - - - - - - - - - - 
 4|- - - - - - - - - - - - - - - 
 3|- - - - - - - - - - - - - - - 
 2|- - - - - - - - - - - - - - - 
 1|- - - - - - - - - - - - - - - 
New model lose
Round 2: 
   A B C D E F G H I J K L M N O 
   ------------------------------
15|- - - - - - o - - - - - - - - 
14|- o x - o x - o - - - - - - - 
13|- - o - x x x o - - - - - - - 
12|- o - x o x o - - - - - - - - 
11|- - x o x o - - - - - - - - - 
10|- o - x - x - - - - - - - - - 
 9|- - o - x - o - - - - - - - - 
 8|- - - - - x - - - - - - - - - 
 7|- - - - - - x - - - - - - - - 
 6|- - - - - - - - - - - - - - - 
 5|- - - - - - - - - - - - - - - 
 4|- - - - - - - - - - - - - - - 
 3|- - - - - - - - - - - - - - - 
 2|- - - - - - - - - - - - - - - 
 1|- - - - - - - - - - - - - - - 
New model lose
Round 3: 
   A B C D E F G H I J K L M N O 
   ------------------------------
15|- - - - - - o - - - - - - - - 
14|- o x - o x - - x - - - - - - 
13|- x - - x o - o - - - - - - - 
12|- - o x x - o - - - - - - - - 
11|- - x o - o - x - - - - - - - 
10|- o - - o - - - - - - - - - - 
 9|- x - x x o - - - - - - - - - 
 8|- - - - - - o - - - - - - - - 
 7|- - - - - - - - - - - - - - - 
 6|- - - - - - - - - - - - - - - 
 5|- - - - - - - - - - - - - - - 
 4|- - - - - - - - - - - - - - - 
 3|- - - - - - - - - - - - - - - 
 2|- - - - - - - - - - - - - - - 
 1|- - - - - - - - - - - - - - - 
New model win.
Round 4: 
   A B C D E F G H I J K L M N O 
   ------------------------------
15|- - - - - - - - - - - - - - - 
14|- o x - o o - - - - - - - - - 
13|- - o - - x - - - - - - - - - 
12|- - o x o x - - - - - - - - - 
11|- - o o x x - - - - - - - - - 
10|- - o o - x - - - - - - - - - 
 9|- x x - - x - - - - - - - - - 
 8|- - - - - - - - - - - - - - - 
 7|- - - - - - - - - - - - - - - 
 6|- - - - - - - - - - - - - - - 
 5|- - - - - - - - - - - - - - - 
 4|- - - - - - - - - - - - - - - 
 3|- - - - - - - - - - - - - - - 
 2|- - - - - - - - - - - - - - - 
 1|- - - - - - - - - - - - - - - 
New model lose
Round 5: 
   A B C D E F G H I J K L M N O 
   ------------------------------
15|- - - o - - - - - - - - - - - 
14|- o x - o - x - - - - - - - - 
13|- x x - x o - - - - - - - - - 
12|- - o x o - o - - - - - - - - 
11|- - - o x - - o - - - - - - - 
10|- - x - o x - - - - - - - - - 
 9|- - - - - x o - - - - - - - - 
 8|- - - - - - - - - - - - - - - 
 7|- - - - - - - - - - - - - - - 
 6|- - - - - - - - - - - - - - - 
 5|- - - - - - - - - - - - - - - 
 4|- - - - - - - - - - - - - - - 
 3|- - - - - - - - - - - - - - - 
 2|- - - - - - - - - - - - - - - 
 1|- - - - - - - - - - - - - - - 
New model win.
Round 6: 
   A B C D E F G H I J K L M N O 
   ------------------------------
15|- - - o - - - - - - - - - - - 
14|- o x - o - x - - - - - - - - 
13|- x x - - o - - - - - - - - - 
12|- - o x o - o - - - - - - - - 
11|- - - o x - - o - - - - - - - 
10|- - x - o x - - - - - - - - - 
 9|- - x o o o o x - - - - - - - 
 8|- - x - - - x - - - - - - - - 
 7|- - x - - - - - - - - - - - - 
 6|- - - - - - - - - - - - - - - 
 5|- - - - - - - - - - - - - - - 
 4|- - - - - - - - - - - - - - - 
 3|- - - - - - - - - - - - - - - 
 2|- - - - - - - - - - - - - - - 
 1|- - - - - - - - - - - - - - - 
New model win.
Round 7: 
   A B C D E F G H I J K L M N O 
   ------------------------------
15|- o - - - - - - - - - - - - - 
14|- o x - - - - - - - - - - - - 
13|- - - x o - - - - - - - - - - 
12|- - o - x o o - - - - - - - - 
11|- x x o x x x o - - - - - - - 
10|- - o o x o o x - - - - - - - 
 9|- - o o x x x - - - - - - - - 
 8|- - - x o x - - - - - - - - - 
 7|- - o x x x x o - - - - - - - 
 6|- - - x - x - - - - - - - - - 
 5|- - o o - o o - - - - - - - - 
 4|- - - - - - - - - - - - - - - 
 3|- - - - - - - - - - - - - - - 
 2|- - - - - - - - - - - - - - - 
 1|- - - - - - - - - - - - - - - 
New model lose
Round 8: 
   A B C D E F G H I J K L M N O 
   ------------------------------
15|- - o - - - - x - - - x - - - 
14|- o x o o x o o o x o o - x - 
13|- x x o x o x o x - x o o o o 
12|- - - x o x x o x - x o x x - 
11|- x o x x - o x - o o o x o - 
10|- - - x o o x x o - x x o - - 
 9|- - o o x o o o x x x o x x - 
 8|o - x x o o o o x o x o o - - 
 7|- x x - o x x x x o x o - - - 
 6|- o x o o x o o o x o - o - - 
 5|- - x x o - x x - o - x - - - 
 4|- - o - x x o x x - x - - - - 
 3|- - x o o o o x - x - - - - - 
 2|- - - - - - - x o - o - - - - 
 1|- - - - - - - x - - - - - - - 
New model lose
Round 9: 
   A B C D E F G H I J K L M N O 
   ------------------------------
15|- - - o - - - - - - - - - - - 
14|- o x - o - x - - - - - - - - 
13|- x x o - o - - - x - - - - - 
12|- - o x o - o - o - - - - - - 
11|- x - o x x - o - - - - - - - 
10|- - x - o x o - - - - - - - - 
 9|- - - x x o o o o x - - - - - 
 8|- - - - x - x - - - - - - - - 
 7|- - - - - - - - - - - - - - - 
 6|- - - - - - - - - - - - - - - 
 5|- - - - - - - - - - - - - - - 
 4|- - - - - - - - - - - - - - - 
 3|- - - - - - - - - - - - - - - 
 2|- - - - - - - - - - - - - - - 
 1|- - - - - - - - - - - - - - - 
New model win.
Round 10: 
   A B C D E F G H I J K L M N O 
   ------------------------------
15|- - - - - - - - - - - - - - - 
14|o o o o o x - - - - - - - - - 
13|- - - - x - - - - - - - - - - 
12|- - - x - - - - - - - - - - - 
11|- - x - - - - - - - - - - - - 
10|- - - - - - - - - - - - - - - 
 9|- - - - - - - - - - - - - - - 
 8|- - - - - - - - - - - - - - - 
 7|- - - - - - - - - - - - - - - 
 6|- - - - - - - - - - - - - - - 
 5|- - - - - - - - - - - - - - - 
 4|- - - - - - - - - - - - - - - 
 3|- - - - - - - - - - - - - - - 
 2|- - - - - - - - - - - - - - - 
 1|- - - - - - - - - - - - - - - 
New model win.
Round 11: 
   A B C D E F G H I J K L M N O 
   ------------------------------
15|- - - - - - - - - - - - - - - 
14|- o x o o x o - - x - - - - - 
13|- x x o x x o o o - - - - - - 
12|- - o x o - x o - - - - - - - 
11|- x o - x x o o - - - - - - - 
10|- - o - x o - - - - - - - - - 
 9|x x x x x o - - - - - - - - - 
 8|- - o - x - - - - - - - - - - 
 7|- - - - o - - - - - - - - - - 
 6|- - - - - - - - - - - - - - - 
 5|- - - - - - - - - - - - - - - 
 4|- - - - - - - - - - - - - - - 
 3|- - - - - - - - - - - - - - - 
 2|- - - - - - - - - - - - - - - 
 1|- - - - - - - - - - - - - - - 
New model lose
Round 12: 
   A B C D E F G H I J K L M N O 
   ------------------------------
15|- - x - - - - - - - - - - - - 
14|- o x o o - - - - - - - - - - 
13|- - x - o - - - - - - - - - - 
12|- - x x o o - o - - - - - - - 
11|- - x o x x x o - - - - - - - 
10|- - - - - x - - - - - - - - - 
 9|- - - - - - o - - - - - - - - 
 8|- - - - - - - - - - - - - - - 
 7|- - - - - - - - - - - - - - - 
 6|- - - - - - - - - - - - - - - 
 5|- - - - - - - - - - - - - - - 
 4|- - - - - - - - - - - - - - - 
 3|- - - - - - - - - - - - - - - 
 2|- - - - - - - - - - - - - - - 
 1|- - - - - - - - - - - - - - - 
New model lose
Round 13: 
   A B C D E F G H I J K L M N O 
   ------------------------------
15|- - - - - - - - - - - - - - - 
14|- o x o o x o x o o o o x - - 
13|- x x o x x o o x - - - - - - 
12|- - o x o o o x x o o - - - - 
11|- x o o x x x o - x - - - - - 
10|- - o - x o o x o - x - - - - 
 9|- o x x x o x - - o - x - - - 
 8|x o x x x o x - o - x - x - - 
 7|- o x - o o - - - - - - - - - 
 6|- x - o - x - - - - - - - - - 
 5|o - o - - - - - - - - - - - - 
 4|- x - - - - - - - - - - - - - 
 3|- - - - - - - - - - - - - - - 
 2|- - - - - - - - - - - - - - - 
 1|- - - - - - - - - - - - - - - 
New model lose
Round 14: 
   A B C D E F G H I J K L M N O 
   ------------------------------
15|- - - - - - - - - - - - - - - 
14|- o x o o - o - - - - - - - - 
13|- x x o x x o - - - - - - - - 
12|- - o x x - o - - - - - - - - 
11|- x o o x o o - - - - - - - - 
10|- - x o o o o x - - - - - - - 
 9|- - - x x x - - - - - - - - - 
 8|- - - - x - - - - - - - - - - 
 7|- - - - - - - - - - - - - - - 
 6|- - - - - - - - - - - - - - - 
 5|- - - - - - - - - - - - - - - 
 4|- - - - - - - - - - - - - - - 
 3|- - - - - - - - - - - - - - - 
 2|- - - - - - - - - - - - - - - 
 1|- - - - - - - - - - - - - - - 
New model win.
Round 15: 
   A B C D E F G H I J K L M N O 
   ------------------------------
15|- - - - - - - - - - - - - - - 
14|- o x o o x x - - o - - - - - 
13|- o x o x o x - x - - - - - - 
12|- x x o x x x x o - - - - - - 
11|- - o x o o x - o - - - - - - 
10|- o x o x x x o - - - - - - - 
 9|- o - - o x - - - - - - - - - 
 8|- o - - - x o - - - - - - - - 
 7|- - - - - o - - - - - - - - - 
 6|- - - - - - - - - - - - - - - 
 5|- - - - - - - - - - - - - - - 
 4|- - - - - - - - - - - - - - - 
 3|- - - - - - - - - - - - - - - 
 2|- - - - - - - - - - - - - - - 
 1|- - - - - - - - - - - - - - - 
New model lose
Round 16: 
   A B C D E F G H I J K L M N O 
   ------------------------------
15|- - - - - - - - - - - - - - - 
14|- o x o o - - - - - - - - - - 
13|- o o x o o - - - - - - - - - 
12|- - x - x - o - x - - - - - - 
11|- - - x x o - x - - - - - - - 
10|- - - - x - x - - - - - - - - 
 9|- - - - o x - - - - - - - - - 
 8|- - - - x - o - - - - - - - - 
 7|- - - o - - - - - - - - - - - 
 6|- - - - - - - - - - - - - - - 
 5|- - - - - - - - - - - - - - - 
 4|- - - - - - - - - - - - - - - 
 3|- - - - - - - - - - - - - - - 
 2|- - - - - - - - - - - - - - - 
 1|- - - - - - - - - - - - - - - 
New model lose
Round 17: 
   A B C D E F G H I J K L M N O 
   ------------------------------
15|- - - - - - - - - - - - - - - 
14|- o x - o o o x - - - o - - - 
13|- - - o x o x x x x x o - - - 
12|- - o x x - o o o x - - - - - 
11|- x - - o x x x x o o - - - - 
10|- - - - - - - o - - - - - - - 
 9|- - - - - - - - - - - - - - - 
 8|- - - - - - - - - - - - - - - 
 7|- - - - - - - - - - - - - - - 
 6|- - - - - - - - - - - - - - - 
 5|- - - - - - - - - - - - - - - 
 4|- - - - - - - - - - - - - - - 
 3|- - - - - - - - - - - - - - - 
 2|- - - - - - - - - - - - - - - 
 1|- - - - - - - - - - - - - - - 
New model lose
Round 18: 
   A B C D E F G H I J K L M N O 
   ------------------------------
15|- - - - - - o - x x - - - - - 
14|- o x - o x - o o - - - - - - 
13|- - - o x o o o x - - - - - - 
12|- - o x x o o o o x - - - - - 
11|- x x x o o x x - - - - - - - 
10|- o - x x o x - - - - - - - - 
 9|- - o x x x x x - - - - - - - 
 8|- - - o o - x - - - - - - - - 
 7|- - - - - - o o - - - - - - - 
 6|- - - - - - - - - - - - - - - 
 5|- - - - - - - - - - - - - - - 
 4|- - - - - - - - - - - - - - - 
 3|- - - - - - - - - - - - - - - 
 2|- - - - - - - - - - - - - - - 
 1|- - - - - - - - - - - - - - - 
New model lose
Round 19: 
   A B C D E F G H I J K L M N O 
   ------------------------------
15|- - - - - - - - - - - - - - - 
14|- o x o o - - - - - - - - - - 
13|- o o x o o - - - - - - - - - 
12|- x x o x - o - o - - - - - - 
11|- - - x x o - x - - - - - - - 
10|- - - - x - x - - - - - - - - 
 9|- - - - o x - - - - - - - - - 
 8|- - - - x - o - - - - - - - - 
 7|- - - x - - - - - - - - - - - 
 6|- - - - - - - - - - - - - - - 
 5|- - - - - - - - - - - - - - - 
 4|- - - - - - - - - - - - - - - 
 3|- - - - - - - - - - - - - - - 
 2|- - - - - - - - - - - - - - - 
 1|- - - - - - - - - - - - - - - 
New model lose
Round 20: 
   A B C D E F G H I J K L M N O 
   ------------------------------
15|- - - - - - - - - - - - - - - 
14|- o x o o - o - - - - - - - - 
13|- x x o x x o - - - - - - - - 
12|- - x x o - x - - - - - - - - 
11|- o o o x o - - - - - - - - - 
10|- x o - x o x - - - - - - - - 
 9|- x o x x o - x - o - - - - - 
 8|- - x o x x o - x - - - - - - 
 7|- o - - o x x x o x - - - - - 
 6|- - x - o o x o o - o - - - - 
 5|- - - o x x x o - - - - - - - 
 4|- - - - o x o - - - - - - - - 
 3|- - - - - o - - - - - - - - - 
 2|- - - - o - - - - - - - - - - 
 1|- - - x - - - - - - - - - - - 
New model win.
Round 21: 
   A B C D E F G H I J K L M N O 
   ------------------------------
15|- - - - - - - - - - - - - - - 
14|- - - o - x - - - - - - - - - 
13|- - o o o o o x - - - - - - - 
12|- - - o - x x x o - - - - - - 
11|- - - x - x - - - - - - - - - 
10|- - - - - - - - - - - - - - - 
 9|- - - - - - - - - - - - - - - 
 8|- - - - - - - - - - - - - - - 
 7|- - - - - - - - - - - - - - - 
 6|- - - - - - - - - - - - - - - 
 5|- - - - - - - - - - - - - - - 
 4|- - - - - - - - - - - - - - - 
 3|- - - - - - - - - - - - - - - 
 2|- - - - - - - - - - - - - - - 
 1|- - - - - - - - - - - - - - - 
New model lose
Round 22: 
   A B C D E F G H I J K L M N O 
   ------------------------------
15|- - - - - - - - - - - - - - - 
14|- - x o - x - - - - x - - - - 
13|- - o o - x o - x o - - - - - 
12|- - - - o x x - o - - - - - - 
11|- - - - x o x o o - - - - - - 
10|- - - x - x o - o x - - - - - 
 9|- - x o x x x x o - - - - - - 
 8|- o - - - - - o o - - - - - - 
 7|- - - - - - o - - - - - - - - 
 6|- - - - - o - - - - - - - - - 
 5|- - - - x - - - - - - - - - - 
 4|- - - - - - - - - - - - - - - 
 3|- - - - - - - - - - - - - - - 
 2|- - - - - - - - - - - - - - - 
 1|- - - - - - - - - - - - - - - 
New model lose
Round 23: 
   A B C D E F G H I J K L M N O 
   ------------------------------
15|- - - - o o x - - - - - - - - 
14|- - - o x x - - o - - - - - - 
13|- - o - x x o x - - - - - - - 
12|- o - x o x x - - - - - - - - 
11|x - x - o x - o - - - - - - - 
10|- o - - x o - - - - - - - - - 
 9|- - - o - - - - - - - - - - - 
 8|- - - - - - - - - - - - - - - 
 7|- - - - - - - - - - - - - - - 
 6|- - - - - - - - - - - - - - - 
 5|- - - - - - - - - - - - - - - 
 4|- - - - - - - - - - - - - - - 
 3|- - - - - - - - - - - - - - - 
 2|- - - - - - - - - - - - - - - 
 1|- - - - - - - - - - - - - - - 
New model win.
Round 24: 
   A B C D E F G H I J K L M N O 
   ------------------------------
15|- - - - - o x - - - - - - - - 
14|- - - o - o x - - - - - - - - 
13|- - - - o o x - - - - - - - - 
12|- - - o x o - - - - - - - - - 
11|- - o x x o x - - - - - - - - 
10|- x - - - - - - - - - - - - - 
 9|- - - - - - - - - - - - - - - 
 8|- - - - - - - - - - - - - - - 
 7|- - - - - - - - - - - - - - - 
 6|- - - - - - - - - - - - - - - 
 5|- - - - - - - - - - - - - - - 
 4|- - - - - - - - - - - - - - - 
 3|- - - - - - - - - - - - - - - 
 2|- - - - - - - - - - - - - - - 
 1|- - - - - - - - - - - - - - - 
New model lose
Round 25: 
   A B C D E F G H I J K L M N O 
   ------------------------------
15|- - - - - - - - - - - - - o - 
14|- - - - o x - x o - x - x - - 
13|- - - - - x o o x o x x x x o 
12|- - - - - x x o o o x o o - - 
11|- - - - x o x o o x o x - - - 
10|- - o o x o x o o o x o x - - 
 9|- o x x o - o x x - x o x o - 
 8|- - x o o x - x o x o o - - - 
 7|- o x x o o x o o o - x - - - 
 6|- - x - x o x - x - - - - - - 
 5|- - o x o o o - - - - - - - - 
 4|- - x o o x x x - - - - - - - 
 3|- x - - - - - - - - - - - - - 
 2|x - - - - - - - - - - - - - - 
 1|- - - - - - - - - - - - - - - 
New model win.
Round 26: 
   A B C D E F G H I J K L M N O 
   ------------------------------
15|- - - - - - - - - - - - - - - 
14|- - - - o x - - - - - - - - - 
13|o - - - - x - - x - - - - - - 
12|- o - o x - - o - - - - - - - 
11|- - o - x x o - - - - - - - - 
10|- - - o - o x - - - - - - - - 
 9|- - - - o - - - - - - - - - - 
 8|- - - x - x - - - - - - - - - 
 7|- - - - - - - - - - - - - - - 
 6|- - - - - - - - - - - - - - - 
 5|- - - - - - - - - - - - - - - 
 4|- - - - - - - - - - - - - - - 
 3|- - - - - - - - - - - - - - - 
 2|- - - - - - - - - - - - - - - 
 1|- - - - - - - - - - - - - - - 
New model lose
Round 27: 
   A B C D E F G H I J K L M N O 
   ------------------------------
15|- - - - - - - - - - - - - - - 
14|- - - - o x o x x x - - - - - 
13|- - o - x - x o o o o o - - - 
12|- - - x - o x o x - - - - - - 
11|- - o - x - o o - - - - - - - 
10|- - - - - x - o - x - - - - - 
 9|- - - - - - x x o - - - - - - 
 8|- - - - - - - o - x - - - - - 
 7|- - - - - - - - - - - - - - - 
 6|- - - - - - - - - - - - - - - 
 5|- - - - - - - - - - - - - - - 
 4|- - - - - - - - - - - - - - - 
 3|- - - - - - - - - - - - - - - 
 2|- - - - - - - - - - - - - - - 
 1|- - - - - - - - - - - - - - - 
New model lose
Round 28: 
   A B C D E F G H I J K L M N O 
   ------------------------------
15|- - x - - - - - - - x - - - - 
14|- - - o o x - o o o - - - - - 
13|- - - o o - - x o - - - - - - 
12|- - - - x o x o - x - - - - - 
11|- - - - - x o - x - - - - - - 
10|- - - - o x x x o - - - - - - 
 9|- - - - - - x o - - - - - - - 
 8|- - - - - x - - - - - - - - - 
 7|- - - - - - - - - - - - - - - 
 6|- - - - - - - - - - - - - - - 
 5|- - - - - - - - - - - - - - - 
 4|- - - - - - - - - - - - - - - 
 3|- - - - - - - - - - - - - - - 
 2|- - - - - - - - - - - - - - - 
 1|- - - - - - - - - - - - - - - 
New model win.
Round 29: 
   A B C D E F G H I J K L M N O 
   ------------------------------
15|- - - - - - - - - - - - - - - 
14|- - - o - x - - - - - - - - - 
13|- - o o x - o - - - - - - - - 
12|- - - x o x - x - - - - - - - 
11|- - o - x o x - - - - - - - - 
10|- - - - - x o o - - - - - - - 
 9|- - - - - - - o - - - - - - - 
 8|- - - - - - - - x - - - - - - 
 7|- - - - - - - - - - - - - - - 
 6|- - - - - - - - - - - - - - - 
 5|- - - - - - - - - - - - - - - 
 4|- - - - - - - - - - - - - - - 
 3|- - - - - - - - - - - - - - - 
 2|- - - - - - - - - - - - - - - 
 1|- - - - - - - - - - - - - - - 
New model lose
Round 30: 
   A B C D E F G H I J K L M N O 
   ------------------------------
15|- - - - - - - - - - - - - - - 
14|- - - - o x x - - - - - - - - 
13|- - - - - x - x - - - o - - - 
12|- - - - x - x o x - o - - - - 
11|- - - - - o x o - o - - - - - 
10|- - - - - - o o o x - - - - - 
 9|- - - - - - - o - - - - - - - 
 8|- - - - - - - x - - - - - - - 
 7|- - - - - - - - - - - - - - - 
 6|- - - - - - - - - - - - - - - 
 5|- - - - - - - - - - - - - - - 
 4|- - - - - - - - - - - - - - - 
 3|- - - - - - - - - - - - - - - 
 2|- - - - - - - - - - - - - - - 
 1|- - - - - - - - - - - - - - - 
New model lose
Round 31: 
   A B C D E F G H I J K L M N O 
   ------------------------------
15|- - x - - - - - - - x - - - - 
14|- - - o o x x - o o - - - - - 
13|- - - o o - - x o o - - - - - 
12|- - - - x o x o x - - - - - - 
11|- - - - - x o x x x - - - - - 
10|- - - - o x x x o - x - - - - 
 9|- - - o - x o x - - - - - - - 
 8|- - - - o x - - o - - - - - - 
 7|- - - - - o - - - - - - - - - 
 6|- - - - - - o - - - - - - - - 
 5|- - - - - - - - - - - - - - - 
 4|- - - - - - - - - - - - - - - 
 3|- - - - - - - - - - - - - - - 
 2|- - - - - - - - - - - - - - - 
 1|- - - - - - - - - - - - - - - 
New model win.
Round 32: 
   A B C D E F G H I J K L M N O 
   ------------------------------
15|- - - - - - - - - - - - - - - 
14|- - - - o x o x x x x o - - - 
13|- - - - x - x o o o o o - - - 
12|- - - - - o x o - x - - - - - 
11|- - - - - - o o o x - - - - - 
10|- - - - - x - o - - - - - - - 
 9|- - - - - - - x x - - - - - - 
 8|- - - - - - - - - - - - - - - 
 7|- - - - - - - - - - - - - - - 
 6|- - - - - - - - - - - - - - - 
 5|- - - - - - - - - - - - - - - 
 4|- - - - - - - - - - - - - - - 
 3|- - - - - - - - - - - - - - - 
 2|- - - - - - - - - - - - - - - 
 1|- - - - - - - - - - - - - - - 
New model lose
Round 33: 
   A B C D E F G H I J K L M N O 
   ------------------------------
15|- - x - - - - - - - x - - - - 
14|- - - o o x - - o o - - - - - 
13|- - o - o - - x o - - - - - - 
12|- - - x o o x o x - - - - - - 
11|- - - - x x o o o - - - - - - 
10|- - - - o x x x o - - - - - - 
 9|- - - - - x x - - - - - - - - 
 8|- - - - - x - x - - - - - - - 
 7|- - - - - o - - - - - - - - - 
 6|- - - - - - - - - - - - - - - 
 5|- - - - - - - - - - - - - - - 
 4|- - - - - - - - - - - - - - - 
 3|- - - - - - - - - - - - - - - 
 2|- - - - - - - - - - - - - - - 
 1|- - - - - - - - - - - - - - - 
New model win.
Round 34: 
   A B C D E F G H I J K L M N O 
   ------------------------------
15|- - - - - o - - - - x - - - - 
14|- - - - o x x - o o - - - - - 
13|- - - - x - - x o - - - - - - 
12|- - - - o o x o x - - - - - - 
11|- - - - o x o o o x - - - - - 
10|- - - - o x x x o - o - - - - 
 9|- - - - o x x x - - - - - - - 
 8|- - - - x x o - x - - - - - - 
 7|- - - x x o - - - o - - - - - 
 6|- - o x o - - - - - - - - - - 
 5|- - - o - - - - - - - - - - - 
 4|- - x - - - - - - - - - - - - 
 3|- - - - - - - - - - - - - - - 
 2|- - - - - - - - - - - - - - - 
 1|- - - - - - - - - - - - - - - 
New model win.
Round 35: 
   A B C D E F G H I J K L M N O 
   ------------------------------
15|- - - o - - - - - - - - - - - 
14|- - - o - x - - - - - - - - - 
13|- - - o - - x - - - - - - - - 
12|- - - o - x - x - - - - - - - 
11|- - x o o o o x o - - - - - - 
10|- - - x - x - - - - - - - - - 
 9|- - - - - - - - - - - - - - - 
 8|- - - - - - - - - - - - - - - 
 7|- - - - - - - - - - - - - - - 
 6|- - - - - - - - - - - - - - - 
 5|- - - - - - - - - - - - - - - 
 4|- - - - - - - - - - - - - - - 
 3|- - - - - - - - - - - - - - - 
 2|- - - - - - - - - - - - - - - 
 1|- - - - - - - - - - - - - - - 
New model lose
Round 36: 
New model win rate: 37.5%
7fff7fff7fff7fff
0 1 1 1 1 1 1 1 1 1 1 1 1 1 1 1 
0 1 1 1 1 1 1 1 1 1 1 1 1 1 1 1 
0 1 1 1 1 1 1 1 1 1 1 1 1 1 1 1 
0 1 1 1 1 1 1 1 1 1 1 1 1 1 1 1 
0 1 1 1 1 1 1 1 1 1 1 1 1 1 1 1 
0 1 1 1 1 1 1 1 1 1 1 1 1 1 1 1 
0 1 1 1 1 1 1 1 1 1 1 1 1 1 1 1 
0 1 1 1 1 1 1 1 1 1 1 1 1 1 1 1 
0 1 1 1 1 1 1 1 1 1 1 1 1 1 1 1 
0 1 1 1 1 1 1 1 1 1 1 1 1 1 1 1 
0 1 1 1 1 1 1 1 1 1 1 1 1 1 1 1 
0 1 1 1 1 1 1 1 1 1 1 1 1 1 1 1 
0 1 1 1 1 1 1 1 1 1 1 1 1 1 1 1 
0 1 1 1 1 1 1 1 1 1 1 1 1 1 1 1 
0 1 1 1 1 1 1 1 1 1 1 1 1 1 1 1 
0 0 0 0 0 0 0 0 0 0 0 0 0 0 0 0 

61895d770e6d3aaa
0 1 1 0 0 0 0 1 1 0 0 0 1 0 0 1 
0 1 0 1 1 1 0 1 0 1 1 1 0 1 1 1 
0 0 0 0 1 1 1 0 0 1 1 0 1 1 0 1 
0 0 1 1 1 0 1 0 1 0 1 0 1 0 1 0 
0 1 0 1 1 1 0 1 1 0 0 0 0 1 1 1 
0 0 0 0 0 1 0 0 0 1 0 1 1 0 0 0 
0 0 1 0 1 0 1 1 0 1 1 0 1 0 1 0 
0 1 0 0 0 0 1 0 1 1 1 0 0 0 1 0 
0 0 0 1 0 0 0 0 1 0 1 0 1 1 1 1 
0 1 1 0 0 1 1 0 1 1 1 0 0 1 0 1 
0 0 0 1 0 1 1 0 0 0 0 1 0 1 1 0 
0 1 1 0 1 1 0 1 1 1 0 1 1 0 1 0 
0 0 0 0 1 1 1 0 0 1 1 1 1 0 1 1 
0 0 1 0 1 0 0 0 1 1 0 0 0 0 1 1 
0 0 0 1 0 1 0 1 0 1 0 0 1 1 0 0 
0 0 0 0 0 0 0 0 0 0 0 0 0 0 0 0 

1e76228871924555
0 0 0 1 1 1 1 0 0 1 1 1 0 1 1 0 
0 0 1 0 0 0 1 0 1 0 0 0 1 0 0 0 
0 1 1 1 0 0 0 1 1 0 0 1 0 0 1 0 
0 1 0 0 0 1 0 1 0 1 0 1 0 1 0 1 
0 0 1 0 0 0 1 0 0 1 1 1 1 0 0 0 
0 1 1 1 1 0 1 1 1 0 1 0 0 1 1 1 
0 1 0 1 0 1 0 0 1 0 0 1 0 1 0 1 
0 0 1 1 1 1 0 1 0 0 0 1 1 1 0 1 
0 1 1 0 1 1 1 1 0 1 0 1 0 0 0 0 
0 0 0 1 1 0 0 1 0 0 0 1 1 0 1 0 
0 1 1 0 1 0 0 1 1 1 1 0 1 0 0 1 
0 0 0 1 0 0 1 0 0 0 1 0 0 1 0 1 
0 1 1 1 0 0 0 1 1 0 0 0 0 1 0 0 
0 1 0 1 0 1 1 1 0 0 1 1 1 1 0 0 
0 1 1 0 1 0 1 0 1 0 1 1 0 0 1 1 
0 0 0 0 0 0 0 0 0 0 0 0 0 0 0 0 

legal_actions(): Action size is Zero!!!
