load model accept
90 iter start.
Process  0 start.
REPLAY_BUFFER_SIZE: 4096
Gumble simple: 10
Start Evaluation
Round 1: 
   A B C D E F G H I J K L M N O 
   ------------------------------
15|- - - - - - - - - - - - - - o 
14|- - - - - - - o - x x x o x - 
13|- - - - - - x o x - o o x - - 
12|- - - - - - x o o o o x - - - 
11|- - - - - - o x o x x x - - - 
10|- - - - - - - x o o o x - - - 
 9|- - - - - - - - x x o o o o o 
 8|- - - - - - - - - - - x x - - 
 7|- - - - - - - - - - - - - - - 
 6|- - - - - - - - - - - - - - - 
 5|- - - - - - - - - - - - - - - 
 4|- - - - - - - - - - - - - - - 
 3|- - - - - - - - - - - - - - - 
 2|- - - - - - - - - - - - - - - 
 1|- - - - - - - - - - - - - - - 
New model win.
Round 2: 
   A B C D E F G H I J K L M N O 
   ------------------------------
15|- - - - - - - - - - - - - - - 
14|- - - - - - x o - x - - - - - 
13|- - - - - o x o o o o x - - - 
12|- - - - - - x o x o - o - - - 
11|- - - - - - x x x o x - - - - 
10|- - - - - - x - x x o - - - - 
 9|- - - - - - - - x x - o - - - 
 8|- - - - - - - x o - o - o - - 
 7|- - - - - - o - - - - - - - - 
 6|- - - - - - - - - - - - - - - 
 5|- - - - - - - - - - - - - - - 
 4|- - - - - - - - - - - - - - - 
 3|- - - - - - - - - - - - - - - 
 2|- - - - - - - - - - - - - - - 
 1|- - - - - - - - - - - - - - - 
New model lose
Round 3: 
   A B C D E F G H I J K L M N O 
   ------------------------------
15|- - - - x - - - - - - - - - - 
14|- - - - - o x o - - - - - - - 
13|- - - - - x o x - - - - - - - 
12|- - - - - x x o x - - x - - - 
11|- - - - - o x o o o x - - - - 
10|- - - - - - - - o x - - - - - 
 9|- - - - - - - - o - - - - - - 
 8|- - - - - - - - o - - - - - - 
 7|- - - - - - - - o - - - - - - 
 6|- - - - - - - - - - - - - - - 
 5|- - - - - - - - - - - - - - - 
 4|- - - - - - - - - - - - - - - 
 3|- - - - - - - - - - - - - - - 
 2|- - - - - - - - - - - - - - - 
 1|- - - - - - - - - - - - - - - 
New model win.
Round 4: 
   A B C D E F G H I J K L M N O 
   ------------------------------
15|- - x - - - - - - - - x - - - 
14|- - - o - - x o - o o - - - - 
13|- - - - o x x x x o - - - - - 
12|- - - - - o x o o o o x - - - 
11|- - - o x o o o x - - - - - - 
10|- - - x x x x x o - - - - - - 
 9|- - - - - - - - - - - - - - - 
 8|- - - - - - - - - - - - - - - 
 7|- - - - - - - - - - - - - - - 
 6|- - - - - - - - - - - - - - - 
 5|- - - - - - - - - - - - - - - 
 4|- - - - - - - - - - - - - - - 
 3|- - - - - - - - - - - - - - - 
 2|- - - - - - - - - - - - - - - 
 1|- - - - - - - - - - - - - - - 
New model lose
Round 5: 
   A B C D E F G H I J K L M N O 
   ------------------------------
15|- - - - o - - - - - - - - - - 
14|- - - x o - - o - x - - - - - 
13|- - - - o - x x o - - - - - - 
12|- - - - o o x o - - - - - - - 
11|- - - x o o o o x - x - - - - 
10|- - - - x x - o - x - - - - - 
 9|- - - - - - - - x - - - - - - 
 8|- - - - - - - - - - - - - - - 
 7|- - - - - - - - - - - - - - - 
 6|- - - - - - - - - - - - - - - 
 5|- - - - - - - - - - - - - - - 
 4|- - - - - - - - - - - - - - - 
 3|- - - - - - - - - - - - - - - 
 2|- - - - - - - - - - - - - - - 
 1|- - - - - - - - - - - - - - - 
New model win.
Round 6: 
   A B C D E F G H I J K L M N O 
   ------------------------------
15|- - x - - - - - - - - - - - - 
14|- - - o - - x o - - - - - - - 
13|- x - x o x o o o x - - - - - 
12|- - o o x o x x o x x - - - - 
11|- - o o x x o o - - - - - - - 
10|- x - - o - - x - - - - - - - 
 9|- - - x - o - - - - - - - - - 
 8|- - - - - - o - - - - - - - - 
 7|- - - - - - - - - - - - - - - 
 6|- - - - - - - - - - - - - - - 
 5|- - - - - - - - - - - - - - - 
 4|- - - - - - - - - - - - - - - 
 3|- - - - - - - - - - - - - - - 
 2|- - - - - - - - - - - - - - - 
 1|- - - - - - - - - - - - - - - 
New model win.
Round 7: 
   A B C D E F G H I J K L M N O 
   ------------------------------
15|- - - - - - - - - - - - x - - 
14|- - - - - x - o - x o o - - - 
13|- - x x - - o - x x o - - - - 
12|- - - x o o o o x o x - - - - 
11|- - - - x o x x o - - - - - - 
10|- - - - - - o x - o - - - - - 
 9|- - - - - - - o - - x - - - - 
 8|- - - - - - - - o - - - - - - 
 7|- - - - - - - - - - - - - - - 
 6|- - - - - - - - - - - - - - - 
 5|- - - - - - - - - - - - - - - 
 4|- - - - - - - - - - - - - - - 
 3|- - - - - - - - - - - - - - - 
 2|- - - - - - - - - - - - - - - 
 1|- - - - - - - - - - - - - - - 
New model win.
Round 8: 
   A B C D E F G H I J K L M N O 
   ------------------------------
15|- - - - - - - - - - - - - - - 
14|- - - - - o x o - - - - - - - 
13|- - - - o x x x x x - - - - - 
12|- - - - o - - x - o - - - - - 
11|- - - x o o o o x - - - - - - 
10|- - - - - - - - - x - - - - - 
 9|- - - - - - - - - - o - - - - 
 8|- - - - - - - - - - - - - - - 
 7|- - - - - - - - - - - - - - - 
 6|- - - - - - - - - - - - - - - 
 5|- - - - - - - - - - - - - - - 
 4|- - - - - - - - - - - - - - - 
 3|- - - - - - - - - - - - - - - 
 2|- - - - - - - - - - - - - - - 
 1|- - - - - - - - - - - - - - - 
New model lose
Round 9: 
   A B C D E F G H I J K L M N O 
   ------------------------------
15|- - - - - - - - - - - - - - - 
14|- - - - - - - o - x - - - - - 
13|- - - - - - x - o - - - - - - 
12|- - - - - o o o o o x - - - - 
11|- - - - - - - x o - x - - - - 
10|- - - - - - - x - - - - - - - 
 9|- - - - - - - x - - - - - - - 
 8|- - - - - - - - - - - - - - - 
 7|- - - - - - - - - - - - - - - 
 6|- - - - - - - - - - - - - - - 
 5|- - - - - - - - - - - - - - - 
 4|- - - - - - - - - - - - - - - 
 3|- - - - - - - - - - - - - - - 
 2|- - - - - - - - - - - - - - - 
 1|- - - - - - - - - - - - - - - 
New model win.
Round 10: 
   A B C D E F G H I J K L M N O 
   ------------------------------
15|- - - - - - x - - - - - - - - 
14|- - - - x o o o - x - - - - - 
13|- - - - x x o - - - - - - - - 
12|- - - x o o o x - - - - - - - 
11|- - - - x - o x x - - - - - - 
10|- - - - - - x o - - - - - - - 
 9|- - - - - x o o o x - - - - - 
 8|- - - - - - - o - x - - - - - 
 7|- - - - - - - o - - - - - - - 
 6|- - - - - - - o - - - - - - - 
 5|- - - - - - - - - - - - - - - 
 4|- - - - - - - - - - - - - - - 
 3|- - - - - - - - - - - - - - - 
 2|- - - - - - - - - - - - - - - 
 1|- - - - - - - - - - - - - - - 
New model win.
Round 11: 
7fff7fff7fff7fff
0 1 1 1 1 1 1 1 1 1 1 1 1 1 1 1 
0 1 1 1 1 1 1 1 1 1 1 1 1 1 1 1 
0 1 1 1 1 1 1 1 1 1 1 1 1 1 1 1 
0 1 1 1 1 1 1 1 1 1 1 1 1 1 1 1 
0 1 1 1 1 1 1 1 1 1 1 1 1 1 1 1 
0 1 1 1 1 1 1 1 1 1 1 1 1 1 1 1 
0 1 1 1 1 1 1 1 1 1 1 1 1 1 1 1 
0 1 1 1 1 1 1 1 1 1 1 1 1 1 1 1 
0 1 1 1 1 1 1 1 1 1 1 1 1 1 1 1 
0 1 1 1 1 1 1 1 1 1 1 1 1 1 1 1 
0 1 1 1 1 1 1 1 1 1 1 1 1 1 1 1 
0 1 1 1 1 1 1 1 1 1 1 1 1 1 1 1 
0 1 1 1 1 1 1 1 1 1 1 1 1 1 1 1 
0 1 1 1 1 1 1 1 1 1 1 1 1 1 1 1 
0 1 1 1 1 1 1 1 1 1 1 1 1 1 1 1 
0 0 0 0 0 0 0 0 0 0 0 0 0 0 0 0 

5aa73989262658f6
0 1 0 1 1 0 1 0 1 0 1 0 0 1 1 1 
0 0 1 1 1 0 0 1 1 0 0 0 1 0 0 1 
0 0 1 0 0 1 1 0 0 0 1 0 0 1 1 0 
0 1 0 1 1 0 0 0 1 1 1 1 0 1 1 0 
0 1 1 0 0 0 1 0 0 1 0 0 0 1 1 1 
0 1 0 1 1 0 1 0 1 1 1 0 1 0 0 0 
0 0 0 1 0 1 0 1 0 1 1 1 1 0 1 1 
0 0 1 1 1 1 0 1 0 0 0 1 0 0 1 0 
0 1 0 0 0 1 0 0 1 1 0 0 1 1 0 0 
0 1 0 0 0 1 1 0 1 0 1 1 0 0 1 1 
0 0 0 1 1 0 0 0 1 0 0 0 1 1 1 0 
0 0 1 0 0 0 1 0 0 0 1 0 1 1 0 1 
0 0 0 0 0 1 1 1 0 1 0 1 0 0 0 1 
0 1 0 1 1 1 0 1 0 0 0 1 0 1 1 1 
0 1 1 0 1 1 1 0 1 1 1 1 0 0 0 1 
0 0 0 0 0 0 0 0 0 0 0 0 0 0 0 0 

2558467659d92709
0 0 1 0 0 1 0 1 0 1 0 1 1 0 0 0 
0 1 0 0 0 1 1 0 0 1 1 1 0 1 1 0 
0 1 0 1 1 0 0 1 1 1 0 1 1 0 0 1 
0 0 1 0 0 1 1 1 0 0 0 0 1 0 0 1 
0 0 0 1 1 1 0 1 1 0 1 1 1 0 0 0 
0 0 1 0 0 1 0 1 0 0 0 1 0 1 1 1 
0 1 1 0 1 0 1 0 1 0 0 0 0 1 0 0 
0 1 0 0 0 0 1 0 1 1 1 0 1 1 0 1 
0 0 1 1 1 0 1 1 0 0 1 1 0 0 1 1 
0 0 1 1 1 0 0 1 0 1 0 0 1 1 0 0 
0 1 1 0 0 1 1 1 0 1 1 1 0 0 0 1 
0 1 0 1 1 1 0 1 1 1 0 1 0 0 1 0 
0 1 1 1 1 0 0 0 1 0 1 0 1 1 1 0 
0 0 1 0 0 0 1 0 1 1 1 0 1 0 0 0 
0 0 0 1 0 0 0 1 0 0 0 0 1 1 1 0 
0 0 0 0 0 0 0 0 0 0 0 0 0 0 0 0 

legal_actions(): Action size is Zero!!!
   A B C D E F G H I J K L M N O 
   ------------------------------
f|o x o o x o x o x o x x o o o 
 e|x o o o x x o o x x x o x x o 
 d|x o x x o o x x x o x x o o x 
 c|o x o o x x x o o o o x o o x 
 b|o o x x x o x x o x x x o o o 
 a|o x o o x o x o o o x o x x x 
 9|x x o x o x o x o o o o x o o 
 8|x o o o o x o x x x o x x o x 
 7|o x x x o x x o o x x o o x x 
 6|o x x x o o x o x o o x x o o 
 5|x x o o x x x o x x x o o o x 
 4|x o x x x o x x x o x o o x o 
 3|x x x x o o o x o x o x x x o 
 2|o x o o o x o x x x o x o o o 
 1|o o x o o o x o o o o x x x o 
Drew
Round c: 
   A B C D E F G H I J K L M N O 
   ------------------------------
f|- - - - - - - - - - - - - - - 
 e|- - x - x o o o - x - - - - - 
 d|- - - o - x x x o x o - - - - 
 c|- - - - o x x x x o - - - - - 
 b|- - - - - o - o x x x o - o - 
 a|- - - - - - x - o o x - o - - 
 9|- - - - - - - - - - x o - - - 
 8|- - - - - - - - - - o - - - - 
 7|- - - - - - - - - o - - - - - 
 6|- - - - - - - - - - - - - - - 
 5|- - - - - - - - - - - - - - - 
 4|- - - - - - - - - - - - - - - 
 3|- - - - - - - - - - - - - - - 
 2|- - - - - - - - - - - - - - - 
 1|- - - - - - - - - - - - - - - 
New model win.
Round d: 
   A B C D E F G H I J K L M N O 
   ------------------------------
f|- - x - - - - - - - - - - - - 
 e|x - o x x x x o - - x - x o - 
 d|- o o x - o x x o x o o o o x 
 c|- - o x o o o o x o x x o x - 
 b|- x o o o x x o x o x o - o - 
 a|- - x - o x - o x x x o x o - 
 9|- - - o x x o - o - x o x x x 
 8|- - o - - - - x - o o x - o - 
 7|- o - - - - - - x x x - o - - 
 6|x - - - - - - - - x - o - - - 
 5|- - - - - - - x o o o o o - - 
 4|- - - - - - - - - x - - - - - 
 3|- - - - - - - - - - - - - - - 
 2|- - - - - - - - - - - - - - - 
 1|- - - - - - - - - - - - - - - 
New model win.
Round e: 
   A B C D E F G H I J K L M N O 
   ------------------------------
f|- - - - - - - - - - - - - x - 
 e|- - - - - - x o - - - - o - - 
 d|- - - - - - o x x x x o - - - 
 c|- - - - - x - x o o o x - - - 
 b|- - - - - - o - - o - - - - - 
 a|- - - - - - - - o - - - - - - 
 9|- - - - - - - - - - - - - - - 
 8|- - - - - - - - - - - - - - - 
 7|- - - - - - - - - - - - - - - 
 6|- - - - - - - - - - - - - - - 
 5|- - - - - - - - - - - - - - - 
 4|- - - - - - - - - - - - - - - 
 3|- - - - - - - - - - - - - - - 
 2|- - - - - - - - - - - - - - - 
 1|- - - - - - - - - - - - - - - 
New model win.
Round f: 
   A B C D E F G H I J K L M N O 
   ------------------------------
f|- - - - - - - - - - - - x - - 
 e|- - - x o o o o o x - o - - - 
 d|- - - - x o x x x - o o - - - 
 c|- - - - o - - o x o x - - - - 
 b|- - - x o - - - o x - - - - - 
 a|- - - - o x x x x o - - - - - 
 9|- - - - x - - x - - o o - - - 
 8|- - - - - - o - - - - x - - - 
 7|- - - - - - - - - - - - - - - 
 6|- - - - - - - - - - - - - - - 
 5|- - - - - - - - - - - - - - - 
 4|- - - - - - - - - - - - - - - 
 3|- - - - - - - - - - - - - - - 
 2|- - - - - - - - - - - - - - - 
 1|- - - - - - - - - - - - - - - 
New model win.
Round 10: 
   A B C D E F G H I J K L M N O 
   ------------------------------
f|- - - - - - - - - - - - - - - 
 e|- - - x - - x o - - - - - - - 
 d|- - - o o o o o x - - - - - - 
 c|- - - - - o x x - - - - - - - 
 b|- - - - - x o o - - - - - - - 
 a|- - - x x - - o - - - - - - - 
 9|- - - x - - - - x - - - - - - 
 8|- - o - - - - - - - - - - - - 
 7|- - - - - - - - - - - - - - - 
 6|- - - - - - - - - - - - - - - 
 5|- - - - - - - - - - - - - - - 
 4|- - - - - - - - - - - - - - - 
 3|- - - - - - - - - - - - - - - 
 2|- - - - - - - - - - - - - - - 
 1|- - - - - - - - - - - - - - - 
New model win.
Round 11: 
   A B C D E F G H I J K L M N O 
   ------------------------------
f|- - - - - - - - - - - o - o - 
 e|- - - - - - - o - x x o x x - 
 d|- - - - - - x - - x - x o - - 
 c|- - - - - - - o x - x o x - - 
 b|- - - - - - - x o x o o - o - 
 a|- - - - - - o x o o o x - - - 
 9|- - - - - - x - x o o - - - - 
 8|- - - - - - - o - o - x - - - 
 7|- - - - - - - x o x x x - - - 
 6|- - - - - - - x - o - - - - - 
 5|- - - - - - - - - - o - - - - 
 4|- - - - - - - - - - - o - - - 
 3|- - - - - - - - - - - - - - - 
 2|- - - - - - - - - - - - - - - 
 1|- - - - - - - - - - - - - - - 
New model win.
Round 12: 
   A B C D E F G H I J K L M N O 
   ------------------------------
f|- - - - - - - - - - - - - - - 
 e|- - - - - o x o - - - - - - - 
 d|- - - - o x x x x x - - - - - 
 c|- - - - o - - x - o - - - - - 
 b|- - - x o o o o x - - - - - - 
 a|- - - - - - - - - x - - - - - 
 9|- - - - - - - - - - o - - - - 
 8|- - - - - - - - - - - - - - - 
 7|- - - - - - - - - - - - - - - 
 6|- - - - - - - - - - - - - - - 
 5|- - - - - - - - - - - - - - - 
 4|- - - - - - - - - - - - - - - 
 3|- - - - - - - - - - - - - - - 
 2|- - - - - - - - - - - - - - - 
 1|- - - - - - - - - - - - - - - 
New model lose
Round 13: 
   A B C D E F G H I J K L M N O 
   ------------------------------
f|- - - - - - - x - - - - - - - 
 e|- - - - - - x o - - - - - - - 
 d|- - - - - x o o o - - - - - - 
 c|- - - - - - - o - x - - - - - 
 b|- - - - - - x o x - - - - - - 
 a|- - - - - - - o - - - - - - - 
 9|- - - - - - - - - - - - - - - 
 8|- - - - - - - - - - - - - - - 
 7|- - - - - - - - - - - - - - - 
 6|- - - - - - - - - - - - - - - 
 5|- - - - - - - - - - - - - - - 
 4|- - - - - - - - - - - - - - - 
 3|- - - - - - - - - - - - - - - 
 2|- - - - - - - - - - - - - - - 
 1|- - - - - - - - - - - - - - - 
New model win.
Round 14: 
   A B C D E F G H I J K L M N O 
   ------------------------------
f|- - - - - - - - - - - - x - - 
 e|- - - - - - x o - x - o - - - 
 d|- - - - - - - - x - o o x - - 
 c|- - - - - - - x o o x o o - - 
 b|- - - - - - o x o x - x o - - 
 a|- - - - - - - x o - x x o x - 
 9|- - - - - - - o x x x o o - - 
 8|- - - - - - - o x x x o x - - 
 7|- - - - - - o o x o o x x x - 
 6|- - - - - - o x o x o o x - - 
 5|- - - - - - o - o x x x - o - 
 4|- - - - - - - - - x o o o x - 
 3|- - - - - - - - x o - - - - - 
 2|- - - - - - - o - - - - - - - 
 1|- - - - - - - - - - - - - - - 
New model lose
Round 15: 
   A B C D E F G H I J K L M N O 
   ------------------------------
f|- - - - - - - - - - - - - - - 
 e|- o x o o o o x - - - - - - - 
 d|- - x - o - o o - - - - - - - 
 c|- - - x o x x - - - - - - - - 
 b|- o x x x x o - - - - - - - - 
 a|- - - - - x - - - - - - - - - 
 9|- - - - - o x - - - - - - - - 
 8|- - - - - - - - - - - - - - - 
 7|- - - - - - - - - - - - - - - 
 6|- - - - - - - - - - - - - - - 
 5|- - - - - - - - - - - - - - - 
 4|- - - - - - - - - - - - - - - 
 3|- - - - - - - - - - - - - - - 
 2|- - - - - - - - - - - - - - - 
 1|- - - - - - - - - - - - - - - 
New model win.
Round 16: 
   A B C D E F G H I J K L M N O 
   ------------------------------
f|- - - - - - x - - - - - - - - 
 e|- o x o o o x o - - - o - - - 
 d|- - - x - x o x o x x x x o - 
 c|- - o x o - o x x o x x - - x 
 b|- - - x x o x o o o o x - o - 
 a|- - - x o o o - - o o x o - - 
 9|- - x o - x x x o x o o - - - 
 8|- o x x o o o o x - o o x - - 
 7|- - - - - - x - - x x o x - - 
 6|- - - - - - - - - - x - - - - 
 5|- - - - - - - - - - - x - - - 
 4|- - - - - - - - - - - - - - - 
 3|- - - - - - - - - - - - - - - 
 2|- - - - - - - - - - - - - - - 
 1|- - - - - - - - - - - - - - - 
New model win.
Round 17: 
   A B C D E F G H I J K L M N O 
   ------------------------------
f|- - - - - - - - o - - - - - - 
 e|- o x o o o x x x o - - - - - 
 d|- x - x x o x o o - - - - - - 
 c|- o x x x x o - - - - - - - - 
 b|- o o - x o x x - - - - - - - 
 a|- - x o o o - x - - - - - - - 
 9|- - - x x o - - x - - - - - - 
 8|- - - - - - o - - o - - - - - 
 7|- - - - - - - - - - - - - - - 
 6|- - - - - - - - - - - - - - - 
 5|- - - - - - - - - - - - - - - 
 4|- - - - - - - - - - - - - - - 
 3|- - - - - - - - - - - - - - - 
 2|- - - - - - - - - - - - - - - 
 1|- - - - - - - - - - - - - - - 
New model win.
Round 18: 
   A B C D E F G H I J K L M N O 
   ------------------------------
f|- - x - - - - - - - - - - - - 
 e|- o x o o o x - - - - - - - - 
 d|- - x o x x o - - - - - - - - 
 c|- - x x o o - - - - - - - - - 
 b|- - x - x o - - - - - - - - - 
 a|- x - - - x o - - - - - - - - 
 9|o - - - - - o - - - - - - - - 
 8|- - - - - - - - - - - - - - - 
 7|- - - - - - - - - - - - - - - 
 6|- - - - - - - - - - - - - - - 
 5|- - - - - - - - - - - - - - - 
 4|- - - - - - - - - - - - - - - 
 3|- - - - - - - - - - - - - - - 
 2|- - - - - - - - - - - - - - - 
 1|- - - - - - - - - - - - - - - 
New model win.
Round 19: 
   A B C D E F G H I J K L M N O 
   ------------------------------
f|- - - - - - - - - - - - - - - 
 e|- o x o o o x - - - - - - - - 
 d|- - x o x x - - - - - - - - - 
 c|x - o x o o - - - - - - - - - 
 b|o x x x x o - - - - - - - - - 
 a|- o x x o x x o - - - - - - - 
 9|- - - x - - o - - - - - - - - 
 8|- - - o x o - - - - - - - - - 
 7|- - - - o - - - - - - - - - - 
 6|- - - - - - - - - - - - - - - 
 5|- - - - - - - - - - - - - - - 
 4|- - - - - - - - - - - - - - - 
 3|- - - - - - - - - - - - - - - 
 2|- - - - - - - - - - - - - - - 
 1|- - - - - - - - - - - - - - - 
New model win.
Round 1a: 
   A B C D E F G H I J K L M N O 
   ------------------------------
f|- - - - - - o - - - - - - - - 
 e|- o x o o x - - - - - - - - - 
 d|x - - o x - - - - - - - - - - 
 c|- x - x - o - - - - - - - - - 
 b|- x x o x - - - - - - - - - - 
 a|- o - x o x - - - - - - - - - 
 9|- - - - x o o - - - - - - - - 
 8|- - - - - o - - - - - - - - - 
 7|- - - - - - - - - - - - - - - 
 6|- - - - - - - - - - - - - - - 
 5|- - - - - - - - - - - - - - - 
 4|- - - - - - - - - - - - - - - 
 3|- - - - - - - - - - - - - - - 
 2|- - - - - - - - - - - - - - - 
 1|- - - - - - - - - - - - - - - 
New model win.
Round 1b: 
   A B C D E F G H I J K L M N O 
   ------------------------------
f|- - - - - - - - - - - - - - - 
 e|- o x o o o x - - - - - - - - 
 d|- - x o x x - - - - - - - - - 
 c|- x o x o o - - - - - - - - - 
 b|o x x x x o o - o - - - - - - 
 a|- o - x - x x o - - - - - - - 
 9|- - - o x - o - - - - - - - - 
 8|- - - - - x - - - - - - - - - 
 7|- - - - - - - - - - - - - - - 
 6|- - - - - - - - - - - - - - - 
 5|- - - - - - - - - - - - - - - 
 4|- - - - - - - - - - - - - - - 
 3|- - - - - - - - - - - - - - - 
 2|- - - - - - - - - - - - - - - 
 1|- - - - - - - - - - - - - - - 
New model win.
Round 1c: 
   A B C D E F G H I J K L M N O 
   ------------------------------
f|- x - - - - - - - - - - - - - 
 e|- o x o o x o o x - - x o - - 
 d|- o o x o - x - o - o x x - - 
 c|- o o x o x x x x o o o x x - 
 b|x o x x x o o o o x x x x o - 
 a|x x o x x x o x - - o - x - - 
 9|x o o o o x o x - - - - o - - 
 8|- - o - x - o - - - - - - - - 
 7|- - x o - o x - - - - - - - - 
 6|- - - - o - - - - - - - - - - 
 5|- - - - - o - - - - - - - - - 
 4|- - - - - - - - - - - - - - - 
 3|- - - - - - - - - - - - - - - 
 2|- - - - - - - - - - - - - - - 
 1|- - - - - - - - - - - - - - - 
New model lose
Round 1d: 
   A B C D E F G H I J K L M N O 
   ------------------------------
f|- - - - o - - - - - o - - - - 
 e|- o x o o o x o x x x - - - - 
 d|- x o o x o o o x - - - - - - 
 c|- o o x x x o x o - - - - - - 
 b|x x - x o o x x x x o - - - - 
 a|- - x o x o o x o - - - - - - 
 9|- x o o x x o x o - - - - - - 
 8|o x - o x - x x - - - - - - - 
 7|- o - x x - - o - - - - - - - 
 6|- - x - o - - - - - - - - - - 
 5|- o - - - - - - - - - - - - - 
 4|- - - - - - - - - - - - - - - 
 3|- - - - - - - - - - - - - - - 
 2|- - - - - - - - - - - - - - - 
 1|- - - - - - - - - - - - - - - 
New model win.
Round 1e: 
   A B C D E F G H I J K L M N O 
   ------------------------------
f|- - - - - - - - - - - - - - - 
 e|- o x o o - - o - - - - - - - 
 d|- x - x o - o - - - - - - - - 
 c|- o x x x o - - - - - - - - - 
 b|- - - x o - x - - - - - - - - 
 a|- - - x o - - - - - - - - - - 
 9|- - - x - - - - - - - - - - - 
 8|- - - - - - - - - - - - - - - 
 7|- - - - - - - - - - - - - - - 
 6|- - - - - - - - - - - - - - - 
 5|- - - - - - - - - - - - - - - 
 4|- - - - - - - - - - - - - - - 
 3|- - - - - - - - - - - - - - - 
 2|- - - - - - - - - - - - - - - 
 1|- - - - - - - - - - - - - - - 
New model win.
Round 1f: 
   A B C D E F G H I J K L M N O 
   ------------------------------
f|- - - - - - - - - - - - - - - 
 e|- o x o o - - o - - - - - - - 
 d|- x - x o - o - - - - - - - - 
 c|- o x x x o - - - - - - - - - 
 b|- - - x o - x - - - - - - - - 
 a|- - - x o - - - - - - - - - - 
 9|- - - x - - - - - - - - - - - 
 8|- - - - - - - - - - - - - - - 
 7|- - - - - - - - - - - - - - - 
 6|- - - - - - - - - - - - - - - 
 5|- - - - - - - - - - - - - - - 
 4|- - - - - - - - - - - - - - - 
 3|- - - - - - - - - - - - - - - 
 2|- - - - - - - - - - - - - - - 
 1|- - - - - - - - - - - - - - - 
New model win.
Round 20: 
   A B C D E F G H I J K L M N O 
   ------------------------------
f|- - - - - - - o - - - - - - - 
 e|- o x o o o x x - - - - - - - 
 d|- - x o x x x x o - - - - - - 
 c|x - o x o o o x o - - - - - - 
 b|o x x x x o x x x - o - - - - 
 a|- o x x o x x o - o - - - - - 
 9|- - - x o o o x o - - - - - - 
 8|- - - o x - - - - - - - - - - 
 7|- - - - - o - - - - - - - - - 
 6|- - - - - - - - - - - - - - - 
 5|- - - - - - - - - - - - - - - 
 4|- - - - - - - - - - - - - - - 
 3|- - - - - - - - - - - - - - - 
 2|- - - - - - - - - - - - - - - 
 1|- - - - - - - - - - - - - - - 
New model win.
Round 21: 
   A B C D E F G H I J K L M N O 
   ------------------------------
f|- - - - - - - - - - - - - - - 
 e|- o x o o o x - - - - - - - - 
 d|- - - x x x x x o - - - - - - 
 c|- - - x o o o - - - - - - - - 
 b|- - - - x o x - - - - - - - - 
 a|- - - - - x x o - - - - - - - 
 9|- - - - - - o - - - - - - - - 
 8|- - - - - o - - - - - - - - - 
 7|- - - - - - - - - - - - - - - 
 6|- - - - - - - - - - - - - - - 
 5|- - - - - - - - - - - - - - - 
 4|- - - - - - - - - - - - - - - 
 3|- - - - - - - - - - - - - - - 
 2|- - - - - - - - - - - - - - - 
 1|- - - - - - - - - - - - - - - 
New model win.
Round 22: 
   A B C D E F G H I J K L M N O 
   ------------------------------
f|- - - - x - - - - - - - - - - 
 e|- o x o o o x o x - - - - - - 
 d|- x o x - o x o - - - - - - - 
 c|- o x x x x o - - x - - - - - 
 b|o - - o x o x x o - - - - - - 
 a|- - x x o x o o - - - - - - - 
 9|- - o x o o o - - - - - - - - 
 8|- - - x x o o - - - - - - - - 
 7|- - - o x x o x - - - - - - - 
 6|- - - - - - x - - - - - - - - 
 5|- - - - - - - o - - - - - - - 
 4|- - - - - - - - - - - - - - - 
 3|- - - - - - - - - - - - - - - 
 2|- - x - - - - - - - - - - - - 
 1|- - - - - - - - - - - - - - - 
New model win.
Round 23: 
   A B C D E F G H I J K L M N O 
   ------------------------------
f|- - - - - - - - - - - - - - - 
 e|- o x o o - - o - - - - - - - 
 d|- x - x o - o - - - - - - - - 
 c|- o x x x o - - - - - - - - - 
 b|- - - x o - x - - - - - - - - 
 a|- - - x o - - - - - - - - - - 
 9|- - - x - - - - - - - - - - - 
 8|- - - - - - - - - - - - - - - 
 7|- - - - - - - - - - - - - - - 
 6|- - - - - - - - - - - - - - - 
 5|- - - - - - - - - - - - - - - 
 4|- - - - - - - - - - - - - - - 
 3|- - - - - - - - - - - - - - - 
 2|- - - - - - - - - - - - - - - 
 1|- - - - - - - - - - - - - - - 
New model win.
Round 24: 
   A B C D E F G H I J K L M N O 
   ------------------------------
f|- - - - x - - - - - - - - - - 
 e|- o x o o o o x - - - - - - - 
 d|- o o o x x - - - - - - - - - 
 c|- o x x x o o - - - - - - - - 
 b|o x o x x x x o - - - - - - - 
 a|- - o x x x x x - - - - - - - 
 9|- - o x o o x - - - - - - - - 
 8|- - x o - - x o - - - - - - - 
 7|- o - - - - o - - - - - - - - 
 6|- - - - - - - - - - - - - - - 
 5|- - - - - - - - - - - - - - - 
 4|- - - - - - - - - - - - - - - 
 3|- - - - - - - - - - - - - - - 
 2|- - - - - - - - - - - - - - - 
 1|- - - - - - - - - - - - - - - 
New model win.
Round 25: 
   A B C D E F G H I J K L M N O 
   ------------------------------
f|- x - - - - - - - - - - - - - 
 e|- o x o o - - - - - - - - - - 
 d|- x - x o - o - - - - - - - - 
 c|- o x x x o - - - - - - - - - 
 b|- - - x o x x - - - - - - - - 
 a|- - - o o - - - - - - - - - - 
 9|- - - - - - - - - - - - - - - 
 8|- - - - - - - - - - - - - - - 
 7|- - - - - - - - - - - - - - - 
 6|- - - - - - - - - - - - - - - 
 5|- - - - - - - - - - - - - - - 
 4|- - - - - - - - - - - - - - - 
 3|- - - - - - - - - - - - - - - 
 2|- - - - - - - - - - - - - - - 
 1|- - - - - - - - - - - - - - - 
New model win.
Round 26: 
   A B C D E F G H I J K L M N O 
   ------------------------------
f|- - - - o - - - - - - - - - - 
 e|- o x o o o x - x - - - - - - 
 d|- - x o x x o o - - - - - - - 
 c|- - o x o o o o x - - - - - - 
 b|o x x x x o x - o - - - - - - 
 a|- x - x - x o - - x - - - - - 
 9|o - - - - - o x - - - - - - - 
 8|- - - - - - - - - - - - - - - 
 7|- - - - - - - - - - - - - - - 
 6|- - - - - - - - - - - - - - - 
 5|- - - - - - - - - - - - - - - 
 4|- - - - - - - - - - - - - - - 
 3|- - - - - - - - - - - - - - - 
 2|- - - - - - - - - - - - - - - 
 1|- - - - - - - - - - - - - - - 
New model lose
Round 27: 
   A B C D E F G H I J K L M N O 
   ------------------------------
f|- - - - - x o - - o - - - - - 
 e|x o o o o x x o x x - - - - - 
 d|- x x o x o - x o o - - - - - 
 c|- o x x o - x o x - - - - - - 
 b|- o x o o x o x - x - - - - - 
 a|- o x x o o x x - - o - - - - 
 9|- - o - x x o x - - - - - - - 
 8|- x - x o o o x - - - - - - - 
 7|- - - - o x o o - - - - - - - 
 6|- - - o - - x - - - - - - - - 
 5|- - x - - - - - - - - - - - - 
 4|- - - - - - - - - - - - - - - 
 3|- - - - - - - - - - - - - - - 
 2|- - - - - - - - - - - - - - - 
 1|- - - - - - - - - - - - - - - 
New model win.
Round 28: 
   A B C D E F G H I J K L M N O 
   ------------------------------
f|- - x - - - - - - - - - - - - 
 e|- o x o o o x - - - - - - - - 
 d|- - x - x - - - - - - - - - - 
 c|- - x x o o o - - - - - - - - 
 b|- - x - x o - - - - - - - - - 
 a|- o - - - x - - - - - - - - - 
 9|- - - - - - o - - - - - - - - 
 8|- - - - - - - - - - - - - - - 
 7|- - - - - - - - - - - - - - - 
 6|- - - - - - - - - - - - - - - 
 5|- - - - - - - - - - - - - - - 
 4|- - - - - - - - - - - - - - - 
 3|- - - - - - - - - - - - - - - 
 2|- - - - - - - - - - - - - - - 
 1|- - - - - - - - - - - - - - - 
New model win.
New model win rate: 80%
